2025-09-12 10:14:42,002 - =====================Start Training=====================
2025-09-12 10:14:42,003 - config: mocolsk_v0_10x
2025-09-12 10:14:42,003 - description: mocolsk | 10x | ch=32
2025-09-12 10:20:32,890 - Epoch 1: train_loss = 0.00021000, rmse_val = 1.0561 K
2025-09-12 10:25:37,972 - Epoch 2: train_loss = 0.00012070, rmse_val = 0.9513 K
2025-09-12 10:30:41,909 - Epoch 3: train_loss = 0.00010750, rmse_val = 0.9141 K
2025-09-12 10:35:49,149 - Epoch 4: train_loss = 0.00010055, rmse_val = 0.8838 K
2025-09-12 10:40:57,986 - Epoch 5: train_loss = 0.00009516, rmse_val = 0.8843 K
2025-09-12 10:46:05,373 - Epoch 6: train_loss = 0.00009171, rmse_val = 0.8546 K
2025-09-12 10:51:15,287 - Epoch 7: train_loss = 0.00008755, rmse_val = 0.8354 K
2025-09-12 10:56:24,611 - Epoch 8: train_loss = 0.00008346, rmse_val = 0.8091 K
2025-09-12 11:01:34,160 - Epoch 9: train_loss = 0.00008059, rmse_val = 0.8093 K
2025-09-12 11:06:41,357 - Epoch 10: train_loss = 0.00007882, rmse_val = 0.8009 K
2025-09-12 11:11:55,537 - Epoch 11: train_loss = 0.00007767, rmse_val = 0.7962 K
2025-09-12 11:17:10,023 - Epoch 12: train_loss = 0.00007656, rmse_val = 0.7896 K
2025-09-12 11:22:16,416 - Epoch 13: train_loss = 0.00007556, rmse_val = 0.7811 K
2025-09-12 11:27:22,082 - Epoch 14: train_loss = 0.00007458, rmse_val = 0.7724 K
2025-09-12 11:32:28,610 - Epoch 15: train_loss = 0.00007378, rmse_val = 0.7777 K
2025-09-12 11:37:34,635 - Epoch 16: train_loss = 0.00007283, rmse_val = 0.7724 K
2025-09-12 11:42:39,955 - Epoch 17: train_loss = 0.00007206, rmse_val = 0.7670 K
2025-09-12 11:47:44,603 - Epoch 18: train_loss = 0.00007118, rmse_val = 0.7577 K
2025-09-12 11:52:49,826 - Epoch 19: train_loss = 0.00007061, rmse_val = 0.7558 K
2025-09-12 11:57:56,514 - Epoch 20: train_loss = 0.00007014, rmse_val = 0.7531 K
2025-09-12 12:03:03,299 - Epoch 21: train_loss = 0.00006951, rmse_val = 0.7555 K
2025-09-12 12:08:09,623 - Epoch 22: train_loss = 0.00006897, rmse_val = 0.7516 K
2025-09-12 12:13:14,818 - Epoch 23: train_loss = 0.00006844, rmse_val = 0.7511 K
2025-09-12 12:18:19,269 - Epoch 24: train_loss = 0.00006787, rmse_val = 0.7462 K
2025-09-12 12:23:24,535 - Epoch 25: train_loss = 0.00006738, rmse_val = 0.7508 K
2025-09-12 12:28:32,747 - Epoch 26: train_loss = 0.00006702, rmse_val = 0.7432 K
2025-09-12 12:33:37,203 - Epoch 27: train_loss = 0.00006665, rmse_val = 0.7416 K
2025-09-12 12:38:35,863 - Epoch 28: train_loss = 0.00006620, rmse_val = 0.7401 K
2025-09-12 12:43:41,213 - Epoch 29: train_loss = 0.00006597, rmse_val = 0.7363 K
2025-09-12 12:48:45,562 - Epoch 30: train_loss = 0.00006555, rmse_val = 0.7455 K
2025-09-12 12:53:48,580 - Epoch 31: train_loss = 0.00006545, rmse_val = 0.7343 K
2025-09-12 12:58:52,916 - Epoch 32: train_loss = 0.00006476, rmse_val = 0.7278 K
2025-09-12 13:03:57,972 - Epoch 33: train_loss = 0.00006441, rmse_val = 0.7295 K
2025-09-12 13:09:01,421 - Epoch 34: train_loss = 0.00006411, rmse_val = 0.7389 K
2025-09-12 13:14:05,017 - Epoch 35: train_loss = 0.00006381, rmse_val = 0.7315 K
2025-09-12 13:19:09,818 - Epoch 36: train_loss = 0.00006361, rmse_val = 0.7274 K
2025-09-12 13:24:14,989 - Epoch 37: train_loss = 0.00006298, rmse_val = 0.7227 K
2025-09-12 13:29:22,222 - Epoch 38: train_loss = 0.00006275, rmse_val = 0.7203 K
2025-09-12 13:34:27,581 - Epoch 39: train_loss = 0.00006255, rmse_val = 0.7171 K
2025-09-12 13:39:33,349 - Epoch 40: train_loss = 0.00006212, rmse_val = 0.7170 K
2025-09-12 13:44:39,991 - Epoch 41: train_loss = 0.00006180, rmse_val = 0.7192 K
2025-09-12 13:49:46,075 - Epoch 42: train_loss = 0.00006150, rmse_val = 0.7146 K
2025-09-12 13:54:54,527 - Epoch 43: train_loss = 0.00006113, rmse_val = 0.7110 K
2025-09-12 14:00:00,923 - Epoch 44: train_loss = 0.00006083, rmse_val = 0.7133 K
2025-09-12 14:05:08,334 - Epoch 45: train_loss = 0.00006067, rmse_val = 0.7134 K
2025-09-12 14:10:15,932 - Epoch 46: train_loss = 0.00006026, rmse_val = 0.7129 K
2025-09-12 14:15:23,075 - Epoch 47: train_loss = 0.00006012, rmse_val = 0.7101 K
2025-09-12 14:20:43,784 - Epoch 48: train_loss = 0.00005984, rmse_val = 0.7073 K
2025-09-12 14:25:51,362 - Epoch 49: train_loss = 0.00005947, rmse_val = 0.7100 K
2025-09-12 14:30:58,334 - Epoch 50: train_loss = 0.00005929, rmse_val = 0.7081 K
2025-09-12 14:36:04,494 - Epoch 51: train_loss = 0.00005912, rmse_val = 0.7071 K
2025-09-12 14:41:12,578 - Epoch 52: train_loss = 0.00005880, rmse_val = 0.7045 K
2025-09-12 14:46:22,062 - Epoch 53: train_loss = 0.00005860, rmse_val = 0.7053 K
2025-09-12 14:51:30,666 - Epoch 54: train_loss = 0.00005842, rmse_val = 0.7006 K
2025-09-12 14:56:55,731 - Epoch 55: train_loss = 0.00005834, rmse_val = 0.7054 K
2025-09-12 15:02:24,041 - Epoch 56: train_loss = 0.00005797, rmse_val = 0.6998 K
2025-09-12 15:07:52,695 - Epoch 57: train_loss = 0.00005782, rmse_val = 0.7000 K
2025-09-12 15:13:14,515 - Epoch 58: train_loss = 0.00005760, rmse_val = 0.7020 K
2025-09-12 15:18:20,525 - Epoch 59: train_loss = 0.00005750, rmse_val = 0.7028 K
2025-09-12 15:23:24,944 - Epoch 60: train_loss = 0.00005712, rmse_val = 0.7002 K
2025-09-12 15:28:31,015 - Epoch 61: train_loss = 0.00005699, rmse_val = 0.6956 K
2025-09-12 15:33:37,251 - Epoch 62: train_loss = 0.00005673, rmse_val = 0.6982 K
2025-09-12 15:38:44,584 - Epoch 63: train_loss = 0.00005674, rmse_val = 0.6983 K
2025-09-12 15:43:51,635 - Epoch 64: train_loss = 0.00005629, rmse_val = 0.6957 K
2025-09-12 15:49:00,254 - Epoch 65: train_loss = 0.00005648, rmse_val = 0.6959 K
2025-09-12 15:54:07,949 - Epoch 66: train_loss = 0.00005609, rmse_val = 0.6924 K
2025-09-12 15:59:17,228 - Epoch 67: train_loss = 0.00005590, rmse_val = 0.6925 K
2025-09-12 16:04:24,445 - Epoch 68: train_loss = 0.00005565, rmse_val = 0.6979 K
2025-09-12 16:09:28,797 - Epoch 69: train_loss = 0.00005550, rmse_val = 0.6936 K
2025-09-12 16:14:32,486 - Epoch 70: train_loss = 0.00005529, rmse_val = 0.6992 K
2025-09-12 16:19:37,334 - Epoch 71: train_loss = 0.00005527, rmse_val = 0.6947 K
2025-09-12 16:24:42,353 - Epoch 72: train_loss = 0.00005497, rmse_val = 0.6911 K
2025-09-12 16:29:46,408 - Epoch 73: train_loss = 0.00005481, rmse_val = 0.6910 K
2025-09-12 16:34:46,079 - Epoch 74: train_loss = 0.00005467, rmse_val = 0.6927 K
2025-09-12 16:39:45,344 - Epoch 75: train_loss = 0.00005454, rmse_val = 0.6910 K
2025-09-12 16:44:44,805 - Epoch 76: train_loss = 0.00005429, rmse_val = 0.6963 K
2025-09-12 16:49:44,394 - Epoch 77: train_loss = 0.00005416, rmse_val = 0.6900 K
2025-09-12 16:54:48,057 - Epoch 78: train_loss = 0.00005411, rmse_val = 0.6905 K
2025-09-12 16:59:50,828 - Epoch 79: train_loss = 0.00005385, rmse_val = 0.6899 K
2025-09-12 17:04:55,222 - Epoch 80: train_loss = 0.00005381, rmse_val = 0.6891 K
2025-09-12 17:10:00,432 - Epoch 81: train_loss = 0.00005347, rmse_val = 0.6884 K
2025-09-12 17:15:04,208 - Epoch 82: train_loss = 0.00005339, rmse_val = 0.6886 K
2025-09-12 17:20:08,029 - Epoch 83: train_loss = 0.00005321, rmse_val = 0.6869 K
2025-09-12 17:25:13,356 - Epoch 84: train_loss = 0.00005309, rmse_val = 0.6894 K
2025-09-12 17:30:17,140 - Epoch 85: train_loss = 0.00005300, rmse_val = 0.6876 K
2025-09-12 17:35:20,529 - Epoch 86: train_loss = 0.00005277, rmse_val = 0.6882 K
2025-09-12 17:40:25,691 - Epoch 87: train_loss = 0.00005266, rmse_val = 0.6905 K
2025-09-12 17:45:30,038 - Epoch 88: train_loss = 0.00005257, rmse_val = 0.6855 K
2025-09-12 17:50:34,275 - Epoch 89: train_loss = 0.00005226, rmse_val = 0.6944 K
2025-09-12 17:55:38,998 - Epoch 90: train_loss = 0.00005222, rmse_val = 0.6860 K
2025-09-12 18:00:43,749 - Epoch 91: train_loss = 0.00005208, rmse_val = 0.6858 K
2025-09-12 18:05:47,570 - Epoch 92: train_loss = 0.00005184, rmse_val = 0.6831 K
2025-09-12 18:10:51,216 - Epoch 93: train_loss = 0.00005184, rmse_val = 0.6853 K
2025-09-12 18:15:56,528 - Epoch 94: train_loss = 0.00005156, rmse_val = 0.6861 K
2025-09-12 18:21:00,684 - Epoch 95: train_loss = 0.00005161, rmse_val = 0.6845 K
2025-09-12 18:26:04,707 - Epoch 96: train_loss = 0.00005133, rmse_val = 0.6886 K
2025-09-12 18:31:09,459 - Epoch 97: train_loss = 0.00005126, rmse_val = 0.6954 K
2025-09-12 18:36:14,144 - Epoch 98: train_loss = 0.00005113, rmse_val = 0.6837 K
2025-09-12 18:41:17,700 - Epoch 99: train_loss = 0.00005102, rmse_val = 0.6832 K
2025-09-12 18:46:21,566 - Epoch 100: train_loss = 0.00005090, rmse_val = 0.6848 K
2025-09-12 18:51:26,474 - Epoch 101: train_loss = 0.00005070, rmse_val = 0.6833 K
2025-09-12 18:56:30,671 - Epoch 102: train_loss = 0.00005057, rmse_val = 0.6851 K
2025-09-12 19:01:34,490 - Epoch 103: train_loss = 0.00005053, rmse_val = 0.6861 K
2025-09-12 19:06:39,209 - Epoch 104: train_loss = 0.00005037, rmse_val = 0.6806 K
2025-09-12 19:11:43,235 - Epoch 105: train_loss = 0.00005015, rmse_val = 0.6844 K
2025-09-12 19:16:46,440 - Epoch 106: train_loss = 0.00005012, rmse_val = 0.6823 K
2025-09-12 19:21:48,648 - Epoch 107: train_loss = 0.00004995, rmse_val = 0.6846 K
2025-09-12 19:26:53,460 - Epoch 108: train_loss = 0.00004991, rmse_val = 0.6863 K
2025-09-12 19:31:57,099 - Epoch 109: train_loss = 0.00004969, rmse_val = 0.6809 K
2025-09-12 19:37:01,142 - Epoch 110: train_loss = 0.00004968, rmse_val = 0.6819 K
2025-09-12 19:42:05,997 - Epoch 111: train_loss = 0.00004958, rmse_val = 0.6837 K
2025-09-12 19:47:09,832 - Epoch 112: train_loss = 0.00004939, rmse_val = 0.6815 K
2025-09-12 19:52:13,861 - Epoch 113: train_loss = 0.00004937, rmse_val = 0.6803 K
2025-09-12 19:57:18,850 - Epoch 114: train_loss = 0.00004915, rmse_val = 0.6800 K
2025-09-12 20:02:22,598 - Epoch 115: train_loss = 0.00004907, rmse_val = 0.6814 K
2025-09-12 20:07:25,882 - Epoch 116: train_loss = 0.00004896, rmse_val = 0.6837 K
2025-09-12 20:12:30,599 - Epoch 117: train_loss = 0.00004893, rmse_val = 0.6849 K
2025-09-12 20:17:35,440 - Epoch 118: train_loss = 0.00004878, rmse_val = 0.6792 K
2025-09-12 20:22:39,668 - Epoch 119: train_loss = 0.00004860, rmse_val = 0.6802 K
2025-09-12 20:27:43,726 - Epoch 120: train_loss = 0.00004856, rmse_val = 0.6807 K
2025-09-12 20:32:48,725 - Epoch 121: train_loss = 0.00004843, rmse_val = 0.6789 K
2025-09-12 20:37:52,768 - Epoch 122: train_loss = 0.00004832, rmse_val = 0.6863 K
2025-09-12 20:42:57,000 - Epoch 123: train_loss = 0.00004825, rmse_val = 0.6813 K
2025-09-12 20:48:02,144 - Epoch 124: train_loss = 0.00004811, rmse_val = 0.6785 K
2025-09-12 20:53:06,740 - Epoch 125: train_loss = 0.00004805, rmse_val = 0.6807 K
2025-09-12 20:58:11,187 - Epoch 126: train_loss = 0.00004783, rmse_val = 0.6799 K
2025-09-12 21:03:15,567 - Epoch 127: train_loss = 0.00004784, rmse_val = 0.6810 K
2025-09-12 21:08:20,475 - Epoch 128: train_loss = 0.00004776, rmse_val = 0.6759 K
2025-09-12 21:13:24,448 - Epoch 129: train_loss = 0.00004758, rmse_val = 0.6828 K
2025-09-12 21:18:28,958 - Epoch 130: train_loss = 0.00004751, rmse_val = 0.6784 K
2025-09-12 21:23:33,793 - Epoch 131: train_loss = 0.00004743, rmse_val = 0.6797 K
2025-09-12 21:28:37,966 - Epoch 132: train_loss = 0.00004724, rmse_val = 0.6804 K
2025-09-12 21:33:41,912 - Epoch 133: train_loss = 0.00004721, rmse_val = 0.6751 K
2025-09-12 21:38:47,278 - Epoch 134: train_loss = 0.00004716, rmse_val = 0.6790 K
2025-09-12 21:43:51,364 - Epoch 135: train_loss = 0.00004703, rmse_val = 0.6829 K
2025-09-12 21:48:55,191 - Epoch 136: train_loss = 0.00004696, rmse_val = 0.6786 K
2025-09-12 21:53:59,893 - Epoch 137: train_loss = 0.00004687, rmse_val = 0.6806 K
2025-09-12 21:59:04,305 - Epoch 138: train_loss = 0.00004677, rmse_val = 0.6804 K
2025-09-12 22:04:07,464 - Epoch 139: train_loss = 0.00004674, rmse_val = 0.6806 K
2025-09-12 22:09:11,771 - Epoch 140: train_loss = 0.00004661, rmse_val = 0.6744 K
2025-09-12 22:14:16,935 - Epoch 141: train_loss = 0.00004658, rmse_val = 0.6793 K
2025-09-12 22:19:20,872 - Epoch 142: train_loss = 0.00004644, rmse_val = 0.6744 K
2025-09-12 22:24:24,727 - Epoch 143: train_loss = 0.00004640, rmse_val = 0.6771 K
2025-09-12 22:29:30,273 - Epoch 144: train_loss = 0.00004615, rmse_val = 0.6769 K
2025-09-12 22:34:34,443 - Epoch 145: train_loss = 0.00004618, rmse_val = 0.6780 K
2025-09-12 22:39:38,415 - Epoch 146: train_loss = 0.00004607, rmse_val = 0.6802 K
2025-09-12 22:44:42,996 - Epoch 147: train_loss = 0.00004610, rmse_val = 0.6764 K
2025-09-12 22:49:47,621 - Epoch 148: train_loss = 0.00004587, rmse_val = 0.6774 K
2025-09-12 22:54:51,405 - Epoch 149: train_loss = 0.00004584, rmse_val = 0.6772 K
2025-09-12 22:59:55,876 - Epoch 150: train_loss = 0.00004576, rmse_val = 0.6757 K
2025-09-12 23:05:00,929 - Epoch 151: train_loss = 0.00004564, rmse_val = 0.6755 K
2025-09-12 23:10:05,161 - Epoch 152: train_loss = 0.00004553, rmse_val = 0.6846 K
2025-09-12 23:15:09,162 - Epoch 153: train_loss = 0.00004553, rmse_val = 0.6794 K
2025-09-12 23:20:14,113 - Epoch 154: train_loss = 0.00004536, rmse_val = 0.6768 K
2025-09-12 23:25:18,175 - Epoch 155: train_loss = 0.00004536, rmse_val = 0.6808 K
2025-09-12 23:30:22,361 - Epoch 156: train_loss = 0.00004530, rmse_val = 0.6765 K
2025-09-12 23:35:27,186 - Epoch 157: train_loss = 0.00004524, rmse_val = 0.6765 K
2025-09-12 23:40:31,977 - Epoch 158: train_loss = 0.00004520, rmse_val = 0.6765 K
2025-09-12 23:45:35,850 - Epoch 159: train_loss = 0.00004507, rmse_val = 0.6741 K
2025-09-12 23:50:39,961 - Epoch 160: train_loss = 0.00004493, rmse_val = 0.6746 K
2025-09-12 23:55:44,864 - Epoch 161: train_loss = 0.00004490, rmse_val = 0.6785 K
2025-09-13 00:00:48,919 - Epoch 162: train_loss = 0.00004485, rmse_val = 0.6768 K
2025-09-13 00:05:52,496 - Epoch 163: train_loss = 0.00004481, rmse_val = 0.6754 K
2025-09-13 00:10:57,013 - Epoch 164: train_loss = 0.00004465, rmse_val = 0.6764 K
2025-09-13 00:16:01,658 - Epoch 165: train_loss = 0.00004466, rmse_val = 0.6769 K
2025-09-13 00:21:05,496 - Epoch 166: train_loss = 0.00004456, rmse_val = 0.6778 K
2025-09-13 00:26:09,287 - Epoch 167: train_loss = 0.00004449, rmse_val = 0.6767 K
2025-09-13 00:31:14,434 - Epoch 168: train_loss = 0.00004443, rmse_val = 0.6775 K
2025-09-13 00:36:18,945 - Epoch 169: train_loss = 0.00004432, rmse_val = 0.6777 K
2025-09-13 00:41:23,049 - Epoch 170: train_loss = 0.00004424, rmse_val = 0.6756 K
2025-09-13 00:46:27,286 - Epoch 171: train_loss = 0.00004424, rmse_val = 0.6759 K
2025-09-13 00:51:32,274 - Epoch 172: train_loss = 0.00004416, rmse_val = 0.6784 K
2025-09-13 00:56:35,971 - Epoch 173: train_loss = 0.00004410, rmse_val = 0.6771 K
2025-09-13 01:01:40,187 - Epoch 174: train_loss = 0.00004403, rmse_val = 0.6756 K
2025-09-13 01:06:44,685 - Epoch 175: train_loss = 0.00004393, rmse_val = 0.6738 K
2025-09-13 01:11:49,454 - Epoch 176: train_loss = 0.00004395, rmse_val = 0.6730 K
2025-09-13 01:16:53,533 - Epoch 177: train_loss = 0.00004380, rmse_val = 0.6750 K
2025-09-13 01:21:57,664 - Epoch 178: train_loss = 0.00004383, rmse_val = 0.6764 K
2025-09-13 01:27:02,820 - Epoch 179: train_loss = 0.00004368, rmse_val = 0.6767 K
2025-09-13 01:32:06,886 - Epoch 180: train_loss = 0.00004370, rmse_val = 0.6765 K
2025-09-13 01:37:11,033 - Epoch 181: train_loss = 0.00004368, rmse_val = 0.6730 K
2025-09-13 01:42:16,321 - Epoch 182: train_loss = 0.00004352, rmse_val = 0.6783 K
2025-09-13 01:47:20,644 - Epoch 183: train_loss = 0.00004348, rmse_val = 0.6759 K
2025-09-13 01:52:24,582 - Epoch 184: train_loss = 0.00004347, rmse_val = 0.6774 K
2025-09-13 01:57:29,023 - Epoch 185: train_loss = 0.00004334, rmse_val = 0.6762 K
2025-09-13 02:02:33,762 - Epoch 186: train_loss = 0.00004332, rmse_val = 0.6751 K
2025-09-13 02:07:37,713 - Epoch 187: train_loss = 0.00004326, rmse_val = 0.6742 K
2025-09-13 02:12:41,544 - Epoch 188: train_loss = 0.00004324, rmse_val = 0.6743 K
2025-09-13 02:17:46,378 - Epoch 189: train_loss = 0.00004320, rmse_val = 0.6758 K
2025-09-13 02:22:50,681 - Epoch 190: train_loss = 0.00004315, rmse_val = 0.6744 K
2025-09-13 02:27:54,992 - Epoch 191: train_loss = 0.00004310, rmse_val = 0.6749 K
2025-09-13 02:32:59,863 - Epoch 192: train_loss = 0.00004302, rmse_val = 0.6763 K
2025-09-13 02:38:04,712 - Epoch 193: train_loss = 0.00004296, rmse_val = 0.6794 K
2025-09-13 02:43:08,651 - Epoch 194: train_loss = 0.00004293, rmse_val = 0.6770 K
2025-09-13 02:48:12,604 - Epoch 195: train_loss = 0.00004288, rmse_val = 0.6756 K
2025-09-13 02:53:17,745 - Epoch 196: train_loss = 0.00004281, rmse_val = 0.6771 K
2025-09-13 02:58:21,528 - Epoch 197: train_loss = 0.00004277, rmse_val = 0.6759 K
2025-09-13 03:03:25,568 - Epoch 198: train_loss = 0.00004277, rmse_val = 0.6774 K
2025-09-13 03:08:30,617 - Epoch 199: train_loss = 0.00004265, rmse_val = 0.6758 K
2025-09-13 03:13:34,881 - Epoch 200: train_loss = 0.00004262, rmse_val = 0.6733 K
2025-09-13 03:18:38,477 - Epoch 201: train_loss = 0.00004256, rmse_val = 0.6750 K
2025-09-13 03:18:38,477 - Early stopping, best rmse_val = 0.6730 K
