2025-12-24 14:54:10,494 - =====================Start Training=====================
2025-12-24 14:54:10,495 - config: resshift_v1_10x_hyper4
2025-12-24 14:54:10,495 - description: t=15, k=0.1, p=0.3
2025-12-24 14:54:10,495 - Epoch, Loss_train, Loss_val (K)
2025-12-24 15:00:30,289 - 1, 0.00054887, 2.5698
2025-12-24 15:06:16,124 - 2, 0.00015518, 1.8662
2025-12-24 15:12:01,924 - 3, 0.00012954, 1.5273
2025-12-24 15:17:47,234 - 4, 0.00011407, 1.6445
2025-12-24 15:23:32,827 - 5, 0.00010441, 1.5596
2025-12-24 15:29:18,428 - 6, 0.00009800, 1.6059
2025-12-24 15:35:03,543 - 7, 0.00009246, 2.4911
2025-12-24 15:40:48,958 - 8, 0.00008845, 1.3436
2025-12-24 15:46:34,817 - 9, 0.00008539, 1.6740
2025-12-24 15:52:20,205 - 10, 0.00008316, 1.1903
2025-12-24 15:58:05,745 - 11, 0.00007933, 1.2566
2025-12-24 16:03:50,827 - 12, 0.00007606, 1.1381
2025-12-24 16:09:36,520 - 13, 0.00007299, 1.1662
2025-12-24 16:15:22,045 - 14, 0.00006935, 1.0337
2025-12-24 16:21:08,065 - 15, 0.00006794, 0.9319
2025-12-24 16:26:53,828 - 16, 0.00006543, 1.0651
2025-12-24 16:32:39,152 - 17, 0.00006500, 1.0449
2025-12-24 16:38:24,706 - 18, 0.00006199, 0.8503
2025-12-24 16:44:10,341 - 19, 0.00006061, 0.8932
2025-12-24 16:49:55,336 - 20, 0.00005976, 1.1420
2025-12-24 16:55:40,434 - 21, 0.00005772, 0.8221
2025-12-24 17:01:26,084 - 22, 0.00005718, 0.8432
2025-12-24 17:07:11,377 - 23, 0.00005666, 0.8574
2025-12-24 17:12:56,098 - 24, 0.00005568, 0.8216
2025-12-24 17:18:42,004 - 25, 0.00005474, 0.8262
2025-12-24 17:24:27,459 - 26, 0.00005399, 0.8213
2025-12-24 17:30:12,825 - 27, 0.00005344, 0.8546
2025-12-24 17:35:58,169 - 28, 0.00005317, 0.7382
2025-12-24 17:41:43,746 - 29, 0.00005172, 1.4509
2025-12-24 17:47:29,289 - 30, 0.00005221, 0.8906
2025-12-24 17:53:14,256 - 31, 0.00005106, 0.7098
2025-12-24 17:59:00,140 - 32, 0.00005004, 0.9704
2025-12-24 18:04:45,274 - 33, 0.00005038, 0.9661
2025-12-24 18:10:30,884 - 34, 0.00004930, 0.7165
2025-12-24 18:16:16,963 - 35, 0.00004927, 0.7321
2025-12-24 18:22:02,187 - 36, 0.00004901, 0.7952
2025-12-24 18:27:47,244 - 37, 0.00004862, 0.7211
2025-12-24 18:33:32,517 - 38, 0.00004785, 1.7496
2025-12-24 18:39:17,940 - 39, 0.00004772, 0.7157
2025-12-24 18:45:03,314 - 40, 0.00004716, 0.8265
2025-12-24 18:50:48,201 - 41, 0.00004708, 0.7642
2025-12-24 18:56:33,593 - 42, 0.00004681, 0.6994
2025-12-24 19:02:19,118 - 43, 0.00004611, 0.6713
2025-12-24 19:08:04,167 - 44, 0.00004605, 0.7557
2025-12-24 19:13:49,455 - 45, 0.00004620, 0.8035
2025-12-24 19:19:34,408 - 46, 0.00004544, 0.6753
2025-12-24 19:25:19,342 - 47, 0.00004532, 0.6667
2025-12-24 19:31:04,794 - 48, 0.00004514, 0.6728
2025-12-24 19:36:49,950 - 49, 0.00004496, 0.6399
2025-12-24 19:42:35,910 - 50, 0.00004457, 0.7591
2025-12-24 19:48:20,585 - 51, 0.00004434, 0.7139
2025-12-24 19:54:05,351 - 52, 0.00004428, 0.6883
2025-12-24 19:59:50,221 - 53, 0.00004399, 0.7431
2025-12-24 20:05:35,411 - 54, 0.00004412, 0.7504
2025-12-24 20:11:20,785 - 55, 0.00004358, 0.7293
2025-12-24 20:17:05,777 - 56, 0.00004321, 0.6431
2025-12-24 20:22:51,135 - 57, 0.00004284, 0.6442
2025-12-24 20:28:36,320 - 58, 0.00004282, 0.8282
2025-12-24 20:34:21,352 - 59, 0.00004209, 0.6065
2025-12-24 20:40:06,986 - 60, 0.00004229, 0.6780
2025-12-24 20:45:52,511 - 61, 0.00004251, 0.6007
2025-12-24 20:51:37,947 - 62, 0.00004172, 0.5827
2025-12-24 20:57:23,418 - 63, 0.00004103, 0.5658
2025-12-24 21:03:08,835 - 64, 0.00004119, 0.5976
2025-12-24 21:08:54,160 - 65, 0.00004077, 0.6088
2025-12-24 21:14:39,175 - 66, 0.00004069, 0.5969
2025-12-24 21:20:24,707 - 67, 0.00004031, 0.5466
2025-12-24 21:26:09,884 - 68, 0.00004051, 0.5476
2025-12-24 21:31:55,091 - 69, 0.00003995, 0.5414
2025-12-24 21:37:40,226 - 70, 0.00003989, 0.6038
2025-12-24 21:43:25,780 - 71, 0.00003992, 0.5764
2025-12-24 21:49:11,212 - 72, 0.00003917, 0.5503
2025-12-24 21:54:56,424 - 73, 0.00003928, 0.5775
2025-12-24 22:00:41,558 - 74, 0.00003925, 0.6238
2025-12-24 22:06:27,254 - 75, 0.00003902, 0.5237
2025-12-24 22:12:12,257 - 76, 0.00003901, 0.5750
2025-12-24 22:17:57,398 - 77, 0.00003856, 0.5217
2025-12-24 22:23:42,459 - 78, 0.00003842, 0.6876
2025-12-24 22:29:27,404 - 79, 0.00003845, 0.5115
2025-12-24 22:35:12,582 - 80, 0.00003837, 0.5107
2025-12-24 22:40:57,984 - 81, 0.00003805, 0.5446
2025-12-24 22:46:43,377 - 82, 0.00003787, 0.5128
2025-12-24 22:52:28,286 - 83, 0.00003812, 0.5927
2025-12-24 22:58:13,118 - 84, 0.00003786, 0.5003
2025-12-24 23:03:58,789 - 85, 0.00003782, 0.5941
2025-12-24 23:09:43,917 - 86, 0.00003776, 0.5302
2025-12-24 23:15:28,941 - 87, 0.00003758, 0.5257
2025-12-24 23:21:13,871 - 88, 0.00003724, 0.5027
2025-12-24 23:26:58,972 - 89, 0.00003728, 0.5266
2025-12-24 23:32:44,409 - 90, 0.00003729, 0.5268
2025-12-24 23:38:29,589 - 91, 0.00003732, 0.5501
2025-12-24 23:44:14,727 - 92, 0.00003727, 0.5582
2025-12-24 23:50:00,079 - 93, 0.00003713, 0.6589
2025-12-24 23:55:45,254 - 94, 0.00003683, 0.5626
2025-12-25 00:01:30,276 - 95, 0.00003711, 0.5025
2025-12-25 00:07:15,239 - 96, 0.00003680, 0.5205
2025-12-25 00:13:00,231 - 97, 0.00003675, 0.5296
2025-12-25 00:18:45,560 - 98, 0.00003666, 0.5838
2025-12-25 00:24:30,729 - 99, 0.00003657, 0.5173
2025-12-25 00:30:15,553 - 100, 0.00003639, 0.4921
2025-12-25 00:36:00,945 - 101, 0.00003657, 0.4978
2025-12-25 00:41:46,296 - 102, 0.00003646, 0.5392
2025-12-25 00:47:31,463 - 103, 0.00003619, 0.4944
2025-12-25 00:53:16,625 - 104, 0.00003619, 0.4988
2025-12-25 00:59:02,013 - 105, 0.00003639, 0.6027
2025-12-25 01:04:47,365 - 106, 0.00003631, 0.5108
2025-12-25 01:10:32,620 - 107, 0.00003617, 0.4982
2025-12-25 01:16:17,796 - 108, 0.00003610, 0.4996
2025-12-25 01:22:02,907 - 109, 0.00003577, 0.4877
2025-12-25 01:27:48,094 - 110, 0.00003596, 0.5100
2025-12-25 01:33:33,550 - 111, 0.00003574, 0.4840
2025-12-25 01:39:18,699 - 112, 0.00003563, 0.4955
2025-12-25 01:45:04,228 - 113, 0.00003550, 0.5111
2025-12-25 01:50:49,097 - 114, 0.00003557, 0.5247
2025-12-25 01:56:34,014 - 115, 0.00003563, 0.5073
2025-12-25 02:02:19,274 - 116, 0.00003577, 0.5300
2025-12-25 02:08:04,555 - 117, 0.00003584, 0.4937
2025-12-25 02:13:50,190 - 118, 0.00003563, 0.5262
2025-12-25 02:19:35,274 - 119, 0.00003566, 0.4855
2025-12-25 02:25:20,710 - 120, 0.00003556, 0.4836
2025-12-25 02:31:06,379 - 121, 0.00003534, 0.4866
2025-12-25 02:36:51,512 - 122, 0.00003543, 0.4917
2025-12-25 02:42:36,481 - 123, 0.00003533, 0.4804
2025-12-25 02:48:21,534 - 124, 0.00003543, 0.4866
2025-12-25 02:54:07,027 - 125, 0.00003524, 0.4904
2025-12-25 02:59:52,330 - 126, 0.00003527, 0.5063
2025-12-25 03:05:37,269 - 127, 0.00003528, 0.4769
2025-12-25 03:11:22,799 - 128, 0.00003484, 0.5348
2025-12-25 03:17:07,736 - 129, 0.00003526, 0.5043
2025-12-25 03:22:52,989 - 130, 0.00003494, 0.4925
2025-12-25 03:28:38,181 - 131, 0.00003489, 0.4709
2025-12-25 03:34:23,899 - 132, 0.00003491, 0.5038
2025-12-25 03:40:09,088 - 133, 0.00003473, 0.4752
2025-12-25 03:45:54,312 - 134, 0.00003461, 0.4748
2025-12-25 03:51:39,961 - 135, 0.00003465, 0.4895
2025-12-25 03:57:25,244 - 136, 0.00003514, 0.4880
2025-12-25 04:03:10,293 - 137, 0.00003447, 0.4819
2025-12-25 04:08:55,615 - 138, 0.00003481, 0.4858
2025-12-25 04:14:40,565 - 139, 0.00003477, 0.4780
2025-12-25 04:20:25,917 - 140, 0.00003453, 0.4652
2025-12-25 04:26:11,375 - 141, 0.00003453, 0.4567
2025-12-25 04:31:56,841 - 142, 0.00003454, 0.4695
2025-12-25 04:37:42,007 - 143, 0.00003429, 0.4718
2025-12-25 04:43:27,364 - 144, 0.00003450, 0.4904
2025-12-25 04:49:12,579 - 145, 0.00003437, 0.4710
2025-12-25 04:54:57,190 - 146, 0.00003449, 0.4766
2025-12-25 05:00:42,292 - 147, 0.00003448, 0.4578
2025-12-25 05:06:27,639 - 148, 0.00003418, 0.5121
2025-12-25 05:12:12,934 - 149, 0.00003421, 0.4699
2025-12-25 05:17:58,104 - 150, 0.00003408, 0.4699
2025-12-25 05:23:43,306 - 151, 0.00003419, 0.4536
2025-12-25 05:29:29,051 - 152, 0.00003399, 0.4783
2025-12-25 05:35:14,396 - 153, 0.00003432, 0.4857
2025-12-25 05:40:59,693 - 154, 0.00003389, 0.4567
2025-12-25 05:46:45,165 - 155, 0.00003418, 0.4969
2025-12-25 05:52:30,401 - 156, 0.00003413, 0.4630
2025-12-25 05:58:15,673 - 157, 0.00003399, 0.4553
2025-12-25 06:04:00,835 - 158, 0.00003407, 0.4761
2025-12-25 06:09:46,033 - 159, 0.00003399, 0.4990
2025-12-25 06:15:31,681 - 160, 0.00003395, 0.4567
2025-12-25 06:21:16,798 - 161, 0.00003398, 0.5334
2025-12-25 06:27:01,928 - 162, 0.00003399, 0.4645
2025-12-25 06:32:46,855 - 163, 0.00003397, 0.4610
2025-12-25 06:38:32,209 - 164, 0.00003376, 0.4883
2025-12-25 06:44:17,455 - 165, 0.00003389, 0.4841
2025-12-25 06:50:02,631 - 166, 0.00003366, 0.4705
2025-12-25 06:55:47,764 - 167, 0.00003377, 0.4644
2025-12-25 07:01:32,965 - 168, 0.00003387, 0.4943
2025-12-25 07:07:18,163 - 169, 0.00003366, 0.4622
2025-12-25 07:13:03,259 - 170, 0.00003368, 0.4552
2025-12-25 07:18:48,453 - 171, 0.00003373, 0.4663
2025-12-25 07:18:48,454 - Training finished with early stopping, best loss_val = 0.4536 K
