2025-12-23 21:36:03,415 - =====================Start Training=====================
2025-12-23 21:36:03,415 - config: resshift_v1_10x_hyper3
2025-12-23 21:36:03,415 - description: t=15, k=1, p=0.3
2025-12-23 21:36:03,415 - Epoch, Loss_train, Loss_val (K)
2025-12-23 21:42:24,260 - 1, 0.00057060, 1.7389
2025-12-23 21:48:09,914 - 2, 0.00019285, 1.4064
2025-12-23 21:53:55,722 - 3, 0.00016643, 1.3171
2025-12-23 21:59:41,320 - 4, 0.00014861, 1.1819
2025-12-23 22:05:27,033 - 5, 0.00013016, 1.1135
2025-12-23 22:11:12,929 - 6, 0.00012054, 1.0982
2025-12-23 22:16:58,516 - 7, 0.00011418, 0.9954
2025-12-23 22:22:44,050 - 8, 0.00010730, 1.0408
2025-12-23 22:28:30,011 - 9, 0.00010231, 0.9119
2025-12-23 22:34:15,486 - 10, 0.00009815, 0.8621
2025-12-23 22:40:00,780 - 11, 0.00009447, 0.9057
2025-12-23 22:45:45,699 - 12, 0.00009070, 0.8486
2025-12-23 22:51:31,075 - 13, 0.00008817, 0.7992
2025-12-23 22:57:16,892 - 14, 0.00008393, 0.7850
2025-12-23 23:03:02,470 - 15, 0.00008204, 0.7348
2025-12-23 23:08:47,929 - 16, 0.00008021, 0.7765
2025-12-23 23:14:33,354 - 17, 0.00007809, 0.7627
2025-12-23 23:20:18,696 - 18, 0.00007678, 0.6884
2025-12-23 23:26:04,393 - 19, 0.00007503, 0.7105
2025-12-23 23:31:49,472 - 20, 0.00007355, 0.9011
2025-12-23 23:37:34,834 - 21, 0.00007273, 0.6780
2025-12-23 23:43:20,407 - 22, 0.00007100, 0.6707
2025-12-23 23:49:06,020 - 23, 0.00007044, 0.6719
2025-12-23 23:54:51,517 - 24, 0.00006907, 0.6280
2025-12-24 00:00:37,108 - 25, 0.00006802, 0.6355
2025-12-24 00:06:22,289 - 26, 0.00006761, 0.6364
2025-12-24 00:12:07,223 - 27, 0.00006626, 0.6464
2025-12-24 00:17:52,189 - 28, 0.00006621, 0.5921
2025-12-24 00:23:37,711 - 29, 0.00006515, 0.7519
2025-12-24 00:29:23,141 - 30, 0.00006473, 0.5889
2025-12-24 00:35:08,495 - 31, 0.00006369, 0.6163
2025-12-24 00:40:53,489 - 32, 0.00006320, 0.5720
2025-12-24 00:46:39,072 - 33, 0.00006280, 0.6128
2025-12-24 00:52:24,506 - 34, 0.00006214, 0.5974
2025-12-24 00:58:09,784 - 35, 0.00006176, 0.5595
2025-12-24 01:03:55,310 - 36, 0.00006153, 0.5857
2025-12-24 01:09:40,753 - 37, 0.00006063, 0.6180
2025-12-24 01:15:26,144 - 38, 0.00006017, 0.6291
2025-12-24 01:21:11,592 - 39, 0.00005963, 0.5467
2025-12-24 01:26:57,035 - 40, 0.00005910, 0.5502
2025-12-24 01:32:42,671 - 41, 0.00005812, 0.5365
2025-12-24 01:38:27,717 - 42, 0.00005750, 0.5892
2025-12-24 01:44:13,300 - 43, 0.00005744, 0.5106
2025-12-24 01:49:58,684 - 44, 0.00005623, 0.5418
2025-12-24 01:55:43,504 - 45, 0.00005589, 0.5111
2025-12-24 02:01:28,900 - 46, 0.00005538, 0.5167
2025-12-24 02:07:14,575 - 47, 0.00005493, 0.4954
2025-12-24 02:13:00,174 - 48, 0.00005442, 0.4904
2025-12-24 02:18:45,663 - 49, 0.00005368, 0.5152
2025-12-24 02:24:30,680 - 50, 0.00005336, 0.4930
2025-12-24 02:30:16,330 - 51, 0.00005305, 0.4781
2025-12-24 02:36:01,699 - 52, 0.00005254, 0.4726
2025-12-24 02:41:47,261 - 53, 0.00005232, 0.4889
2025-12-24 02:47:32,577 - 54, 0.00005184, 0.4633
2025-12-24 02:53:18,250 - 55, 0.00005152, 0.4804
2025-12-24 02:59:03,290 - 56, 0.00005112, 0.4646
2025-12-24 03:04:48,248 - 57, 0.00005075, 0.4757
2025-12-24 03:10:33,546 - 58, 0.00005054, 0.4796
2025-12-24 03:16:18,710 - 59, 0.00005034, 0.4595
2025-12-24 03:22:04,237 - 60, 0.00004990, 0.4926
2025-12-24 03:27:49,231 - 61, 0.00004986, 0.4516
2025-12-24 03:33:34,416 - 62, 0.00004945, 0.4663
2025-12-24 03:39:19,819 - 63, 0.00004890, 0.4461
2025-12-24 03:45:05,089 - 64, 0.00004882, 0.4894
2025-12-24 03:50:50,211 - 65, 0.00004868, 0.4361
2025-12-24 03:56:35,620 - 66, 0.00004852, 0.4445
2025-12-24 04:02:20,679 - 67, 0.00004821, 0.4331
2025-12-24 04:08:06,397 - 68, 0.00004803, 0.4383
2025-12-24 04:13:51,547 - 69, 0.00004783, 0.4300
2025-12-24 04:19:36,870 - 70, 0.00004761, 0.4363
2025-12-24 04:25:22,081 - 71, 0.00004754, 0.4263
2025-12-24 04:31:07,996 - 72, 0.00004729, 0.4369
2025-12-24 04:36:53,536 - 73, 0.00004705, 0.4231
2025-12-24 04:42:38,642 - 74, 0.00004698, 0.4365
2025-12-24 04:48:23,845 - 75, 0.00004676, 0.4234
2025-12-24 04:54:08,986 - 76, 0.00004677, 0.4244
2025-12-24 04:59:55,525 - 77, 0.00004651, 0.4159
2025-12-24 05:05:40,631 - 78, 0.00004633, 0.4325
2025-12-24 05:11:25,567 - 79, 0.00004615, 0.4156
2025-12-24 05:17:11,145 - 80, 0.00004611, 0.4456
2025-12-24 05:22:55,766 - 81, 0.00004586, 0.4120
2025-12-24 05:28:40,460 - 82, 0.00004545, 0.4258
2025-12-24 05:34:25,735 - 83, 0.00004558, 0.4133
2025-12-24 05:40:11,143 - 84, 0.00004548, 0.4077
2025-12-24 05:45:56,818 - 85, 0.00004551, 0.4042
2025-12-24 05:51:41,917 - 86, 0.00004547, 0.4197
2025-12-24 05:57:27,012 - 87, 0.00004515, 0.4000
2025-12-24 06:03:12,453 - 88, 0.00004477, 0.4188
2025-12-24 06:08:57,633 - 89, 0.00004505, 0.4298
2025-12-24 06:14:42,883 - 90, 0.00004487, 0.4067
2025-12-24 06:20:27,732 - 91, 0.00004471, 0.4135
2025-12-24 06:26:13,243 - 92, 0.00004474, 0.4134
2025-12-24 06:31:58,339 - 93, 0.00004459, 0.4102
2025-12-24 06:37:43,373 - 94, 0.00004452, 0.4142
2025-12-24 06:43:28,420 - 95, 0.00004428, 0.4003
2025-12-24 06:49:13,682 - 96, 0.00004404, 0.4122
2025-12-24 06:54:59,269 - 97, 0.00004404, 0.4102
2025-12-24 07:00:44,763 - 98, 0.00004394, 0.4089
2025-12-24 07:06:30,101 - 99, 0.00004383, 0.3990
2025-12-24 07:12:15,533 - 100, 0.00004383, 0.4024
2025-12-24 07:18:00,676 - 101, 0.00004375, 0.4026
2025-12-24 07:23:45,921 - 102, 0.00004360, 0.3951
2025-12-24 07:29:31,077 - 103, 0.00004335, 0.3950
2025-12-24 07:35:16,730 - 104, 0.00004325, 0.4278
2025-12-24 07:41:01,745 - 105, 0.00004330, 0.4037
2025-12-24 07:46:46,652 - 106, 0.00004337, 0.4065
2025-12-24 07:52:32,136 - 107, 0.00004309, 0.4050
2025-12-24 07:58:17,033 - 108, 0.00004304, 0.4014
2025-12-24 08:04:02,116 - 109, 0.00004302, 0.4009
2025-12-24 08:09:47,108 - 110, 0.00004295, 0.3968
2025-12-24 08:15:32,301 - 111, 0.00004262, 0.3949
2025-12-24 08:21:17,510 - 112, 0.00004244, 0.4040
2025-12-24 08:27:02,591 - 113, 0.00004266, 0.3907
2025-12-24 08:32:47,790 - 114, 0.00004252, 0.4027
2025-12-24 08:38:33,026 - 115, 0.00004260, 0.3953
2025-12-24 08:44:18,456 - 116, 0.00004243, 0.3977
2025-12-24 08:50:03,373 - 117, 0.00004235, 0.3949
2025-12-24 08:55:48,708 - 118, 0.00004232, 0.3989
2025-12-24 09:01:33,986 - 119, 0.00004223, 0.3899
2025-12-24 09:07:19,201 - 120, 0.00004206, 0.3847
2025-12-24 09:13:04,497 - 121, 0.00004215, 0.3859
2025-12-24 09:18:49,905 - 122, 0.00004205, 0.3890
2025-12-24 09:24:35,262 - 123, 0.00004194, 0.3936
2025-12-24 09:30:20,284 - 124, 0.00004199, 0.3909
2025-12-24 09:36:05,208 - 125, 0.00004176, 0.3888
2025-12-24 09:41:50,332 - 126, 0.00004151, 0.3903
2025-12-24 09:47:36,291 - 127, 0.00004169, 0.3926
2025-12-24 09:53:21,621 - 128, 0.00004151, 0.3922
2025-12-24 09:59:07,012 - 129, 0.00004139, 0.3921
2025-12-24 10:04:52,360 - 130, 0.00004132, 0.3929
2025-12-24 10:10:37,554 - 131, 0.00004119, 0.3914
2025-12-24 10:16:22,694 - 132, 0.00004131, 0.3890
2025-12-24 10:22:07,975 - 133, 0.00004115, 0.3847
2025-12-24 10:27:53,186 - 134, 0.00004112, 0.3855
2025-12-24 10:33:38,424 - 135, 0.00004106, 0.3910
2025-12-24 10:39:23,972 - 136, 0.00004113, 0.3964
2025-12-24 10:45:09,047 - 137, 0.00004079, 0.3856
2025-12-24 10:50:53,761 - 138, 0.00004102, 0.3975
2025-12-24 10:56:38,777 - 139, 0.00004109, 0.3846
2025-12-24 11:02:24,118 - 140, 0.00004085, 0.3850
2025-12-24 11:08:09,322 - 141, 0.00004082, 0.3823
2025-12-24 11:13:54,661 - 142, 0.00004061, 0.3810
2025-12-24 11:19:40,011 - 143, 0.00004042, 0.3795
2025-12-24 11:25:25,434 - 144, 0.00004063, 0.3848
2025-12-24 11:31:10,544 - 145, 0.00004056, 0.3934
2025-12-24 11:36:55,432 - 146, 0.00004060, 0.3832
2025-12-24 11:42:40,252 - 147, 0.00004039, 0.3903
2025-12-24 11:48:25,340 - 148, 0.00004021, 0.3835
2025-12-24 11:54:09,914 - 149, 0.00004036, 0.3871
2025-12-24 11:59:55,179 - 150, 0.00004023, 0.3749
2025-12-24 12:05:40,814 - 151, 0.00004027, 0.3803
2025-12-24 12:11:25,900 - 152, 0.00004001, 0.3851
2025-12-24 12:17:10,746 - 153, 0.00004011, 0.3792
2025-12-24 12:22:55,882 - 154, 0.00003981, 0.3768
2025-12-24 12:28:41,638 - 155, 0.00003996, 0.3911
2025-12-24 12:34:30,036 - 156, 0.00003982, 0.3812
2025-12-24 12:40:20,124 - 157, 0.00003991, 0.3766
2025-12-24 12:46:05,636 - 158, 0.00003986, 0.3907
2025-12-24 12:51:50,512 - 159, 0.00003978, 0.3795
2025-12-24 12:57:35,452 - 160, 0.00003963, 0.3717
2025-12-24 13:03:20,298 - 161, 0.00003964, 0.3852
2025-12-24 13:09:05,146 - 162, 0.00003969, 0.3788
2025-12-24 13:14:50,603 - 163, 0.00003955, 0.3812
2025-12-24 13:20:35,701 - 164, 0.00003941, 0.3905
2025-12-24 13:26:21,074 - 165, 0.00003943, 0.3781
2025-12-24 13:32:06,304 - 166, 0.00003942, 0.3754
2025-12-24 13:37:51,582 - 167, 0.00003946, 0.3763
2025-12-24 13:43:36,267 - 168, 0.00003944, 0.3827
2025-12-24 13:49:21,968 - 169, 0.00003929, 0.3745
2025-12-24 13:55:07,005 - 170, 0.00003917, 0.3813
2025-12-24 14:00:52,016 - 171, 0.00003932, 0.3797
2025-12-24 14:06:37,492 - 172, 0.00003926, 0.3820
2025-12-24 14:12:22,764 - 173, 0.00003903, 0.3775
2025-12-24 14:18:07,892 - 174, 0.00003912, 0.3792
2025-12-24 14:23:53,494 - 175, 0.00003888, 0.3773
2025-12-24 14:29:38,777 - 176, 0.00003910, 0.3830
2025-12-24 14:35:23,994 - 177, 0.00003897, 0.3824
2025-12-24 14:41:09,204 - 178, 0.00003886, 0.3728
2025-12-24 14:46:54,321 - 179, 0.00003874, 0.3773
2025-12-24 14:52:39,842 - 180, 0.00003872, 0.3760
2025-12-24 14:52:39,842 - Training finished with early stopping, best loss_val = 0.3717 K
