2025-10-15 16:05:14,657 - =====================Start Training=====================
2025-10-15 16:05:14,657 - config: resshift_10x_ch8
2025-10-15 16:05:14,657 - description: ch_base = 8
2025-10-15 16:05:14,658 - Epoch, Loss_train, Loss_val (K)
2025-10-15 16:07:51,441 - 1, 0.00248072, 3.7841
2025-10-15 16:09:52,349 - 2, 0.00019435, 2.8386
2025-10-15 16:11:53,478 - 3, 0.00014441, 2.4873
2025-10-15 16:13:54,576 - 4, 0.00012741, 2.3094
2025-10-15 16:15:55,438 - 5, 0.00011809, 2.1545
2025-10-15 16:17:56,946 - 6, 0.00011043, 2.1206
2025-10-15 16:19:58,170 - 7, 0.00010558, 1.9270
2025-10-15 16:21:58,819 - 8, 0.00010017, 1.8100
2025-10-15 16:23:59,996 - 9, 0.00009212, 1.5960
2025-10-15 16:26:01,539 - 10, 0.00008603, 1.5775
2025-10-15 16:28:02,175 - 11, 0.00007918, 1.4000
2025-10-15 16:30:04,503 - 12, 0.00007438, 1.3778
2025-10-15 16:32:04,659 - 13, 0.00006973, 1.3137
2025-10-15 16:34:05,828 - 14, 0.00006681, 1.2926
2025-10-15 16:36:05,864 - 15, 0.00006420, 1.2012
2025-10-15 16:38:06,700 - 16, 0.00006274, 1.3592
2025-10-15 16:40:05,751 - 17, 0.00006076, 1.2332
2025-10-15 16:42:06,550 - 18, 0.00005831, 1.1094
2025-10-15 16:44:05,643 - 19, 0.00005810, 1.0668
2025-10-15 16:46:06,838 - 20, 0.00005596, 1.0536
2025-10-15 16:48:08,429 - 21, 0.00005465, 1.0304
2025-10-15 16:50:10,944 - 22, 0.00005411, 1.0135
2025-10-15 16:52:12,171 - 23, 0.00005284, 0.9834
2025-10-15 16:54:13,718 - 24, 0.00005238, 0.9717
2025-10-15 16:56:15,247 - 25, 0.00005079, 0.9508
2025-10-15 16:58:16,229 - 26, 0.00005133, 0.9383
2025-10-15 17:00:16,975 - 27, 0.00004977, 0.9955
2025-10-15 17:02:19,086 - 28, 0.00004947, 0.9340
2025-10-15 17:04:19,460 - 29, 0.00004908, 0.9183
2025-10-15 17:06:20,632 - 30, 0.00004799, 0.8992
2025-10-15 17:08:21,545 - 31, 0.00004823, 0.9184
2025-10-15 17:10:24,127 - 32, 0.00004756, 0.9105
2025-10-15 17:12:24,443 - 33, 0.00004628, 0.8978
2025-10-15 17:14:25,914 - 34, 0.00004632, 0.8541
2025-10-15 17:16:26,639 - 35, 0.00004565, 0.8811
2025-10-15 17:18:28,381 - 36, 0.00004601, 0.8337
2025-10-15 17:20:27,563 - 37, 0.00004526, 0.8806
2025-10-15 17:22:26,746 - 38, 0.00004481, 0.8403
2025-10-15 17:24:26,611 - 39, 0.00004457, 0.8361
2025-10-15 17:26:28,484 - 40, 0.00004542, 0.8609
2025-10-15 17:28:28,702 - 41, 0.00004408, 0.8202
2025-10-15 17:30:30,743 - 42, 0.00004339, 0.8690
2025-10-15 17:32:31,301 - 43, 0.00004356, 0.8434
2025-10-15 17:34:33,147 - 44, 0.00004341, 0.9211
2025-10-15 17:36:33,644 - 45, 0.00004282, 0.8168
2025-10-15 17:38:33,902 - 46, 0.00004272, 0.8218
2025-10-15 17:40:33,819 - 47, 0.00004337, 0.8263
2025-10-15 17:42:34,542 - 48, 0.00004248, 0.8371
2025-10-15 17:44:34,727 - 49, 0.00004258, 0.7825
2025-10-15 17:46:35,354 - 50, 0.00004208, 0.8288
2025-10-15 17:48:36,173 - 51, 0.00004195, 0.7935
2025-10-15 17:50:36,936 - 52, 0.00004219, 0.7776
2025-10-15 17:52:37,133 - 53, 0.00004110, 0.8010
2025-10-15 17:54:38,411 - 54, 0.00004062, 0.7803
2025-10-15 17:56:39,514 - 55, 0.00004100, 0.7722
2025-10-15 17:58:40,743 - 56, 0.00004101, 0.7523
2025-10-15 18:00:40,771 - 57, 0.00004013, 0.7658
2025-10-15 18:02:40,084 - 58, 0.00004113, 0.8000
2025-10-15 18:04:40,082 - 59, 0.00004067, 0.7787
2025-10-15 18:06:41,205 - 60, 0.00004056, 0.7869
2025-10-15 18:08:41,691 - 61, 0.00003951, 0.7484
2025-10-15 18:10:42,472 - 62, 0.00003998, 0.7665
2025-10-15 18:12:42,558 - 63, 0.00004011, 0.7401
2025-10-15 18:14:42,587 - 64, 0.00004020, 0.7804
2025-10-15 18:16:43,257 - 65, 0.00003986, 0.7511
2025-10-15 18:18:44,539 - 66, 0.00003952, 0.7427
2025-10-15 18:20:46,045 - 67, 0.00003909, 0.7513
2025-10-15 18:22:47,205 - 68, 0.00003945, 0.7351
2025-10-15 18:24:49,861 - 69, 0.00004005, 0.7330
2025-10-15 18:26:50,205 - 70, 0.00003868, 0.7860
2025-10-15 18:28:51,753 - 71, 0.00003889, 0.7255
2025-10-15 18:30:52,790 - 72, 0.00003863, 0.7439
2025-10-15 18:32:54,494 - 73, 0.00003787, 0.7235
2025-10-15 18:34:56,237 - 74, 0.00003887, 0.7339
2025-10-15 18:36:58,394 - 75, 0.00003807, 0.7257
2025-10-15 18:38:59,471 - 76, 0.00003779, 0.7084
2025-10-15 18:41:01,544 - 77, 0.00003752, 0.7133
2025-10-15 18:43:00,171 - 78, 0.00003836, 0.7201
2025-10-15 18:44:59,820 - 79, 0.00003781, 0.7323
2025-10-15 18:46:59,028 - 80, 0.00003807, 0.7187
2025-10-15 18:49:00,514 - 81, 0.00003776, 0.7205
2025-10-15 18:51:01,081 - 82, 0.00003701, 0.7425
2025-10-15 18:53:01,854 - 83, 0.00003756, 0.7076
2025-10-15 18:55:02,891 - 84, 0.00003737, 0.7020
2025-10-15 18:57:03,968 - 85, 0.00003691, 0.7113
2025-10-15 18:59:04,466 - 86, 0.00003770, 0.7179
2025-10-15 19:01:05,958 - 87, 0.00003792, 0.7001
2025-10-15 19:03:06,803 - 88, 0.00003789, 0.7040
2025-10-15 19:05:07,515 - 89, 0.00003745, 0.7072
2025-10-15 19:07:08,096 - 90, 0.00003645, 0.6967
2025-10-15 19:09:10,768 - 91, 0.00003655, 0.6958
2025-10-15 19:11:11,329 - 92, 0.00003805, 0.6852
2025-10-15 19:13:13,207 - 93, 0.00003703, 0.7526
2025-10-15 19:15:13,914 - 94, 0.00003719, 0.6956
2025-10-15 19:17:15,684 - 95, 0.00003630, 0.6900
2025-10-15 19:19:14,693 - 96, 0.00003662, 0.6877
2025-10-15 19:21:15,793 - 97, 0.00003680, 0.7013
2025-10-15 19:23:14,865 - 98, 0.00003691, 0.6824
2025-10-15 19:25:15,368 - 99, 0.00003642, 0.6832
2025-10-15 19:27:14,312 - 100, 0.00003639, 0.7035
2025-10-15 19:29:15,012 - 101, 0.00003629, 0.6808
2025-10-15 19:31:15,040 - 102, 0.00003684, 0.6802
2025-10-15 19:33:16,124 - 103, 0.00003601, 0.6766
2025-10-15 19:35:16,549 - 104, 0.00003621, 0.6925
2025-10-15 19:37:17,948 - 105, 0.00003548, 0.6884
2025-10-15 19:39:18,041 - 106, 0.00003644, 0.6769
2025-10-15 19:41:18,749 - 107, 0.00003563, 0.6856
2025-10-15 19:43:18,783 - 108, 0.00003594, 0.6782
2025-10-15 19:45:19,234 - 109, 0.00003641, 0.6804
2025-10-15 19:47:19,339 - 110, 0.00003548, 0.6712
2025-10-15 19:49:20,000 - 111, 0.00003579, 0.6713
2025-10-15 19:51:20,081 - 112, 0.00003527, 0.6857
2025-10-15 19:53:19,943 - 113, 0.00003501, 0.6746
2025-10-15 19:55:19,326 - 114, 0.00003556, 0.6842
2025-10-15 19:57:19,841 - 115, 0.00003582, 0.6758
2025-10-15 19:59:19,819 - 116, 0.00003603, 0.6719
2025-10-15 20:01:19,829 - 117, 0.00003572, 0.6698
2025-10-15 20:03:20,547 - 118, 0.00003492, 0.6711
2025-10-15 20:05:20,143 - 119, 0.00003613, 0.6675
2025-10-15 20:07:20,397 - 120, 0.00003525, 0.6679
2025-10-15 20:09:20,586 - 121, 0.00003530, 0.6743
2025-10-15 20:11:21,433 - 122, 0.00003507, 0.6674
2025-10-15 20:13:22,999 - 123, 0.00003560, 0.6680
2025-10-15 20:15:24,269 - 124, 0.00003468, 0.6670
2025-10-15 20:17:25,416 - 125, 0.00003485, 0.6658
2025-10-15 20:19:26,820 - 126, 0.00003542, 0.6725
2025-10-15 20:21:27,650 - 127, 0.00003508, 0.6582
2025-10-15 20:23:28,867 - 128, 0.00003488, 0.6509
2025-10-15 20:25:29,198 - 129, 0.00003485, 0.6628
2025-10-15 20:27:29,339 - 130, 0.00003587, 0.6658
2025-10-15 20:29:28,980 - 131, 0.00003515, 0.6526
2025-10-15 20:31:30,372 - 132, 0.00003535, 0.6510
2025-10-15 20:33:31,004 - 133, 0.00003414, 0.6617
2025-10-15 20:35:33,130 - 134, 0.00003494, 0.6612
2025-10-15 20:37:33,507 - 135, 0.00003404, 0.6629
2025-10-15 20:39:35,096 - 136, 0.00003510, 0.6581
2025-10-15 20:41:35,318 - 137, 0.00003479, 0.6611
2025-10-15 20:43:35,781 - 138, 0.00003433, 0.6587
2025-10-15 20:45:35,041 - 139, 0.00003538, 0.6628
2025-10-15 20:47:35,058 - 140, 0.00003435, 0.6530
2025-10-15 20:49:34,668 - 141, 0.00003424, 0.6607
2025-10-15 20:51:35,571 - 142, 0.00003440, 0.6521
2025-10-15 20:53:34,930 - 143, 0.00003447, 0.6510
2025-10-15 20:55:36,084 - 144, 0.00003466, 0.6512
2025-10-15 20:57:36,467 - 145, 0.00003446, 0.6563
2025-10-15 20:59:37,039 - 146, 0.00003383, 0.6831
2025-10-15 21:01:36,160 - 147, 0.00003396, 0.6473
2025-10-15 21:03:35,888 - 148, 0.00003427, 0.6497
2025-10-15 21:05:36,571 - 149, 0.00003424, 0.6464
2025-10-15 21:07:37,306 - 150, 0.00003375, 0.6446
2025-10-15 21:09:37,890 - 151, 0.00003513, 0.6466
2025-10-15 21:11:38,311 - 152, 0.00003433, 0.6403
2025-10-15 21:13:38,019 - 153, 0.00003394, 0.6448
2025-10-15 21:15:38,807 - 154, 0.00003395, 0.6487
2025-10-15 21:17:38,503 - 155, 0.00003461, 0.6414
2025-10-15 21:19:39,754 - 156, 0.00003438, 0.6594
2025-10-15 21:21:39,152 - 157, 0.00003426, 0.6399
2025-10-15 21:23:40,089 - 158, 0.00003420, 0.6454
2025-10-15 21:25:39,532 - 159, 0.00003321, 0.6396
2025-10-15 21:27:37,789 - 160, 0.00003433, 0.6856
2025-10-15 21:29:36,955 - 161, 0.00003338, 0.6373
2025-10-15 21:31:38,387 - 162, 0.00003453, 0.6371
2025-10-15 21:33:38,173 - 163, 0.00003385, 0.6393
2025-10-15 21:35:38,586 - 164, 0.00003376, 0.6380
2025-10-15 21:37:39,032 - 165, 0.00003399, 0.6382
2025-10-15 21:39:40,630 - 166, 0.00003368, 0.6353
2025-10-15 21:41:41,645 - 167, 0.00003358, 0.6410
2025-10-15 21:43:41,509 - 168, 0.00003369, 0.6566
2025-10-15 21:45:42,608 - 169, 0.00003315, 0.6407
2025-10-15 21:47:42,819 - 170, 0.00003340, 0.6290
2025-10-15 21:49:44,130 - 171, 0.00003318, 0.6395
2025-10-15 21:51:45,268 - 172, 0.00003466, 0.6421
2025-10-15 21:53:47,510 - 173, 0.00003320, 0.6335
2025-10-15 21:55:48,278 - 174, 0.00003328, 0.6419
2025-10-15 21:57:50,036 - 175, 0.00003380, 0.6346
2025-10-15 21:59:51,472 - 176, 0.00003326, 0.6305
2025-10-15 22:01:53,331 - 177, 0.00003309, 0.6365
2025-10-15 22:03:53,990 - 178, 0.00003342, 0.6285
2025-10-15 22:05:54,351 - 179, 0.00003363, 0.6388
2025-10-15 22:07:53,073 - 180, 0.00003394, 0.6329
2025-10-15 22:09:52,188 - 181, 0.00003427, 0.6271
2025-10-15 22:11:52,467 - 182, 0.00003398, 0.6304
2025-10-15 22:13:53,441 - 183, 0.00003338, 0.6329
2025-10-15 22:15:54,245 - 184, 0.00003315, 0.6293
2025-10-15 22:17:55,864 - 185, 0.00003257, 0.6320
2025-10-15 22:19:56,276 - 186, 0.00003346, 0.6410
2025-10-15 22:21:58,560 - 187, 0.00003324, 0.6282
2025-10-15 22:23:59,211 - 188, 0.00003283, 0.6294
2025-10-15 22:26:01,761 - 189, 0.00003356, 0.6275
2025-10-15 22:28:02,065 - 190, 0.00003342, 0.6312
2025-10-15 22:30:04,059 - 191, 0.00003304, 0.6261
2025-10-15 22:32:04,772 - 192, 0.00003301, 0.6268
2025-10-15 22:34:05,916 - 193, 0.00003339, 0.6260
2025-10-15 22:36:07,082 - 194, 0.00003283, 0.6264
2025-10-15 22:38:09,027 - 195, 0.00003309, 0.6234
2025-10-15 22:40:08,685 - 196, 0.00003296, 0.6212
2025-10-15 22:42:08,738 - 197, 0.00003307, 0.6265
2025-10-15 22:44:07,784 - 198, 0.00003296, 0.6259
2025-10-15 22:46:08,649 - 199, 0.00003303, 0.6252
2025-10-15 22:48:07,914 - 200, 0.00003214, 0.6231
2025-10-15 22:50:07,111 - 201, 0.00003317, 0.6265
2025-10-15 22:52:05,747 - 202, 0.00003341, 0.6403
2025-10-15 22:54:07,423 - 203, 0.00003315, 0.6303
2025-10-15 22:56:07,572 - 204, 0.00003329, 0.6198
2025-10-15 22:58:08,703 - 205, 0.00003248, 0.6198
2025-10-15 23:00:08,963 - 206, 0.00003273, 0.6191
2025-10-15 23:02:10,369 - 207, 0.00003257, 0.6243
2025-10-15 23:04:10,477 - 208, 0.00003231, 0.6201
2025-10-15 23:06:11,783 - 209, 0.00003296, 0.6265
2025-10-15 23:08:13,263 - 210, 0.00003329, 0.6189
2025-10-15 23:10:13,931 - 211, 0.00003283, 0.6205
2025-10-15 23:12:15,414 - 212, 0.00003325, 0.6243
2025-10-15 23:14:14,924 - 213, 0.00003288, 0.6195
2025-10-15 23:16:16,324 - 214, 0.00003297, 0.6198
2025-10-15 23:18:16,490 - 215, 0.00003266, 0.6181
2025-10-15 23:20:17,629 - 216, 0.00003352, 0.6214
2025-10-15 23:22:18,638 - 217, 0.00003276, 0.6212
2025-10-15 23:24:20,174 - 218, 0.00003278, 0.6206
2025-10-15 23:26:20,486 - 219, 0.00003239, 0.6222
2025-10-15 23:28:21,013 - 220, 0.00003286, 0.6181
2025-10-15 23:30:20,086 - 221, 0.00003253, 0.6210
2025-10-15 23:32:20,261 - 222, 0.00003284, 0.6197
2025-10-15 23:34:20,281 - 223, 0.00003266, 0.6171
2025-10-15 23:36:22,094 - 224, 0.00003315, 0.6184
2025-10-15 23:38:22,563 - 225, 0.00003262, 0.6184
2025-10-15 23:40:24,317 - 226, 0.00003216, 0.6174
2025-10-15 23:42:25,148 - 227, 0.00003268, 0.6132
2025-10-15 23:44:26,910 - 228, 0.00003327, 0.6193
2025-10-15 23:46:27,322 - 229, 0.00003280, 0.6178
2025-10-15 23:48:27,827 - 230, 0.00003266, 0.6154
2025-10-15 23:50:27,908 - 231, 0.00003250, 0.6138
2025-10-15 23:52:30,078 - 232, 0.00003285, 0.6159
2025-10-15 23:54:30,692 - 233, 0.00003277, 0.6123
2025-10-15 23:56:32,013 - 234, 0.00003264, 0.6164
2025-10-15 23:58:32,361 - 235, 0.00003234, 0.6117
2025-10-16 00:00:34,070 - 236, 0.00003229, 0.6129
2025-10-16 00:02:33,715 - 237, 0.00003282, 0.6134
2025-10-16 00:04:35,271 - 238, 0.00003235, 0.6143
2025-10-16 00:06:35,546 - 239, 0.00003272, 0.6142
2025-10-16 00:08:37,359 - 240, 0.00003253, 0.6159
2025-10-16 00:10:36,063 - 241, 0.00003268, 0.6150
2025-10-16 00:12:35,193 - 242, 0.00003247, 0.6096
2025-10-16 00:14:34,735 - 243, 0.00003202, 0.6138
2025-10-16 00:16:36,046 - 244, 0.00003229, 0.6141
2025-10-16 00:18:36,238 - 245, 0.00003217, 0.6121
2025-10-16 00:20:37,226 - 246, 0.00003275, 0.6119
2025-10-16 00:22:37,175 - 247, 0.00003231, 0.6133
2025-10-16 00:24:37,934 - 248, 0.00003209, 0.6149
2025-10-16 00:26:38,331 - 249, 0.00003253, 0.6160
2025-10-16 00:28:38,876 - 250, 0.00003283, 0.6124
2025-10-16 00:30:39,173 - 251, 0.00003216, 0.6095
2025-10-16 00:32:40,106 - 252, 0.00003285, 0.6145
2025-10-16 00:34:40,107 - 253, 0.00003288, 0.6122
2025-10-16 00:36:41,273 - 254, 0.00003224, 0.6130
2025-10-16 00:38:42,077 - 255, 0.00003219, 0.6130
2025-10-16 00:40:43,421 - 256, 0.00003230, 0.6140
2025-10-16 00:42:44,047 - 257, 0.00003235, 0.6126
2025-10-16 00:44:44,485 - 258, 0.00003238, 0.6135
2025-10-16 00:46:45,125 - 259, 0.00003257, 0.6150
2025-10-16 00:48:46,138 - 260, 0.00003256, 0.6117
2025-10-16 00:50:46,347 - 261, 0.00003216, 0.6121
2025-10-16 00:52:44,666 - 262, 0.00003216, 0.6118
2025-10-16 00:54:44,794 - 263, 0.00003298, 0.6119
2025-10-16 00:56:44,193 - 264, 0.00003166, 0.6105
2025-10-16 00:58:45,201 - 265, 0.00003255, 0.6105
2025-10-16 01:00:46,056 - 266, 0.00003274, 0.6108
2025-10-16 01:02:47,817 - 267, 0.00003219, 0.6107
2025-10-16 01:04:48,220 - 268, 0.00003194, 0.6109
2025-10-16 01:06:50,379 - 269, 0.00003229, 0.6113
2025-10-16 01:08:50,658 - 270, 0.00003218, 0.6102
2025-10-16 01:10:51,833 - 271, 0.00003228, 0.6116
2025-10-16 01:10:51,833 - Training finished with early stopping, best loss_val = 0.6095 K
