2025-10-13 14:47:12,441 - =====================Start Training=====================
2025-10-13 14:47:12,441 - config: resshift_10x_ch64
2025-10-13 14:47:12,451 - description: ch_base = 64
2025-10-13 14:47:12,451 - Epoch, Loss_train, Loss_val (K)
2025-10-13 14:55:21,195 - 1, 0.00030559, 1.7311
2025-10-13 15:02:54,320 - 2, 0.00008915, 1.4022
2025-10-13 15:10:28,180 - 3, 0.00007912, 1.3580
2025-10-13 15:18:04,923 - 4, 0.00006671, 1.1182
2025-10-13 15:25:32,918 - 5, 0.00006239, 1.1073
2025-10-13 15:33:01,452 - 6, 0.00005714, 1.0056
2025-10-13 15:40:38,556 - 7, 0.00005365, 1.0446
2025-10-13 15:48:11,412 - 8, 0.00004995, 0.9470
2025-10-13 15:55:43,777 - 9, 0.00004822, 0.8761
2025-10-13 16:03:13,202 - 10, 0.00004493, 0.8605
2025-10-13 16:10:41,291 - 11, 0.00004380, 0.8353
2025-10-13 16:18:09,225 - 12, 0.00004251, 0.8232
2025-10-13 16:25:37,792 - 13, 0.00004052, 0.7578
2025-10-13 16:33:05,845 - 14, 0.00003978, 0.7327
2025-10-13 16:40:35,797 - 15, 0.00003841, 0.7572
2025-10-13 16:48:04,540 - 16, 0.00003722, 0.6522
2025-10-13 16:55:33,179 - 17, 0.00003690, 0.6950
2025-10-13 17:03:00,960 - 18, 0.00003639, 0.6491
2025-10-13 17:10:29,557 - 19, 0.00003532, 0.6579
2025-10-13 17:17:57,136 - 20, 0.00003470, 0.6153
2025-10-13 17:25:24,134 - 21, 0.00003398, 0.6457
2025-10-13 17:32:51,363 - 22, 0.00003394, 0.6283
2025-10-13 17:40:19,251 - 23, 0.00003262, 0.6154
2025-10-13 17:47:47,625 - 24, 0.00003277, 0.6278
2025-10-13 17:55:16,584 - 25, 0.00003153, 0.5983
2025-10-13 18:02:47,132 - 26, 0.00003182, 0.6302
2025-10-13 18:10:17,503 - 27, 0.00003146, 0.5722
2025-10-13 18:17:49,101 - 28, 0.00003086, 0.5578
2025-10-13 18:25:18,966 - 29, 0.00003000, 0.6115
2025-10-13 18:32:48,286 - 30, 0.00003025, 0.5465
2025-10-13 18:40:19,298 - 31, 0.00003040, 0.5599
2025-10-13 18:47:49,141 - 32, 0.00003015, 0.5657
2025-10-13 18:55:18,577 - 33, 0.00002921, 0.5587
2025-10-13 19:02:46,364 - 34, 0.00002919, 0.5480
2025-10-13 19:10:15,245 - 35, 0.00002883, 0.5162
2025-10-13 19:17:44,815 - 36, 0.00002855, 0.5001
2025-10-13 19:25:13,676 - 37, 0.00002768, 0.5341
2025-10-13 19:32:41,431 - 38, 0.00002795, 0.5134
2025-10-13 19:40:09,104 - 39, 0.00002756, 0.4859
2025-10-13 19:47:37,951 - 40, 0.00002713, 0.4821
2025-10-13 19:55:06,361 - 41, 0.00002734, 0.4893
2025-10-13 20:02:34,218 - 42, 0.00002651, 0.4677
2025-10-13 20:10:03,479 - 43, 0.00002626, 0.4630
2025-10-13 20:17:34,290 - 44, 0.00002638, 0.4775
2025-10-13 20:25:04,478 - 45, 0.00002586, 0.5187
2025-10-13 20:32:34,901 - 46, 0.00002613, 0.4477
2025-10-13 20:40:04,321 - 47, 0.00002533, 0.4668
2025-10-13 20:47:34,484 - 48, 0.00002552, 0.4361
2025-10-13 20:55:05,719 - 49, 0.00002549, 0.4557
2025-10-13 21:02:36,138 - 50, 0.00002537, 0.4589
2025-10-13 21:10:04,598 - 51, 0.00002493, 0.4255
2025-10-13 21:17:34,497 - 52, 0.00002517, 0.4336
2025-10-13 21:25:03,751 - 53, 0.00002470, 0.4279
2025-10-13 21:32:32,809 - 54, 0.00002442, 0.4295
2025-10-13 21:40:00,770 - 55, 0.00002448, 0.4357
2025-10-13 21:47:26,292 - 56, 0.00002452, 0.4111
2025-10-13 21:54:54,004 - 57, 0.00002446, 0.4260
2025-10-13 22:02:21,330 - 58, 0.00002429, 0.4141
2025-10-13 22:09:49,621 - 59, 0.00002433, 0.4239
2025-10-13 22:17:16,570 - 60, 0.00002394, 0.4042
2025-10-13 22:24:46,187 - 61, 0.00002388, 0.4189
2025-10-13 22:32:15,327 - 62, 0.00002378, 0.4316
2025-10-13 22:39:45,737 - 63, 0.00002411, 0.4043
2025-10-13 22:47:15,134 - 64, 0.00002390, 0.4104
2025-10-13 22:54:45,375 - 65, 0.00002364, 0.4252
2025-10-13 23:02:16,183 - 66, 0.00002340, 0.4066
2025-10-13 23:09:46,343 - 67, 0.00002371, 0.4016
2025-10-13 23:17:15,607 - 68, 0.00002330, 0.3991
2025-10-13 23:24:45,190 - 69, 0.00002313, 0.4009
2025-10-13 23:32:14,612 - 70, 0.00002343, 0.4093
2025-10-13 23:39:44,032 - 71, 0.00002329, 0.3936
2025-10-13 23:47:14,324 - 72, 0.00002283, 0.4561
2025-10-13 23:54:42,667 - 73, 0.00002333, 0.4024
2025-10-14 00:02:11,127 - 74, 0.00002279, 0.4051
2025-10-14 00:09:40,210 - 75, 0.00002316, 0.4029
2025-10-14 00:17:08,485 - 76, 0.00002284, 0.4119
2025-10-14 00:24:36,063 - 77, 0.00002301, 0.3893
2025-10-14 00:32:02,860 - 78, 0.00002282, 0.3932
2025-10-14 00:39:29,821 - 79, 0.00002264, 0.4043
2025-10-14 00:46:58,297 - 80, 0.00002199, 0.3890
2025-10-14 00:54:28,277 - 81, 0.00002270, 0.3981
2025-10-14 01:01:57,656 - 82, 0.00002259, 0.4126
2025-10-14 01:09:27,656 - 83, 0.00002248, 0.3836
2025-10-14 01:16:58,430 - 84, 0.00002249, 0.3814
2025-10-14 01:24:29,333 - 85, 0.00002194, 0.3834
2025-10-14 01:31:58,461 - 86, 0.00002267, 0.3885
2025-10-14 01:39:28,087 - 87, 0.00002242, 0.3934
2025-10-14 01:46:58,030 - 88, 0.00002170, 0.3866
2025-10-14 01:54:28,232 - 89, 0.00002203, 0.3850
2025-10-14 02:01:55,180 - 90, 0.00002198, 0.3875
2025-10-14 02:09:23,028 - 91, 0.00002223, 0.3733
2025-10-14 02:16:52,232 - 92, 0.00002173, 0.4030
2025-10-14 02:24:20,482 - 93, 0.00002208, 0.3805
2025-10-14 02:31:47,876 - 94, 0.00002167, 0.3731
2025-10-14 02:39:15,491 - 95, 0.00002223, 0.3750
2025-10-14 02:46:43,011 - 96, 0.00002173, 0.3787
2025-10-14 02:54:11,241 - 97, 0.00002177, 0.3808
2025-10-14 03:01:39,000 - 98, 0.00002222, 0.3843
2025-10-14 03:09:06,727 - 99, 0.00002169, 0.3799
2025-10-14 03:16:35,936 - 100, 0.00002146, 0.3770
2025-10-14 03:24:05,910 - 101, 0.00002180, 0.3808
2025-10-14 03:31:35,598 - 102, 0.00002124, 0.3870
2025-10-14 03:39:05,886 - 103, 0.00002139, 0.3730
2025-10-14 03:46:35,804 - 104, 0.00002129, 0.3720
2025-10-14 03:54:06,538 - 105, 0.00002148, 0.3803
2025-10-14 04:01:36,662 - 106, 0.00002132, 0.3898
2025-10-14 04:09:06,849 - 107, 0.00002126, 0.3682
2025-10-14 04:16:36,638 - 108, 0.00002145, 0.3712
2025-10-14 04:24:06,268 - 109, 0.00002099, 0.3673
2025-10-14 04:31:35,910 - 110, 0.00002152, 0.3646
2025-10-14 04:39:05,546 - 111, 0.00002107, 0.3699
2025-10-14 04:46:33,241 - 112, 0.00002120, 0.3718
2025-10-14 04:53:59,373 - 113, 0.00002158, 0.3665
2025-10-14 05:01:26,808 - 114, 0.00002136, 0.3755
2025-10-14 05:08:54,379 - 115, 0.00002123, 0.3778
2025-10-14 05:16:22,068 - 116, 0.00002119, 0.3618
2025-10-14 05:23:49,998 - 117, 0.00002116, 0.3677
2025-10-14 05:31:17,680 - 118, 0.00002131, 0.3578
2025-10-14 05:38:46,586 - 119, 0.00002104, 0.3669
2025-10-14 05:46:14,803 - 120, 0.00002117, 0.3597
2025-10-14 05:53:44,269 - 121, 0.00002108, 0.3711
2025-10-14 06:01:13,781 - 122, 0.00002078, 0.3613
2025-10-14 06:08:44,122 - 123, 0.00002055, 0.3624
2025-10-14 06:16:14,617 - 124, 0.00002082, 0.3665
2025-10-14 06:23:44,407 - 125, 0.00002080, 0.3641
2025-10-14 06:31:13,829 - 126, 0.00002095, 0.3607
2025-10-14 06:38:44,150 - 127, 0.00002096, 0.3572
2025-10-14 06:46:14,738 - 128, 0.00002093, 0.3665
2025-10-14 06:53:43,682 - 129, 0.00002060, 0.3652
2025-10-14 07:01:12,816 - 130, 0.00002073, 0.3574
2025-10-14 07:08:42,197 - 131, 0.00002045, 0.3679
2025-10-14 07:16:11,321 - 132, 0.00002055, 0.3564
2025-10-14 07:23:40,127 - 133, 0.00002049, 0.3586
2025-10-14 07:31:06,674 - 134, 0.00002066, 0.3572
2025-10-14 07:38:33,373 - 135, 0.00002076, 0.3579
2025-10-14 07:45:59,833 - 136, 0.00002028, 0.3571
2025-10-14 07:53:27,393 - 137, 0.00002038, 0.3590
2025-10-14 08:00:54,781 - 138, 0.00002065, 0.3535
2025-10-14 08:08:22,904 - 139, 0.00002030, 0.3528
2025-10-14 08:15:52,365 - 140, 0.00002041, 0.3567
2025-10-14 08:23:22,577 - 141, 0.00002016, 0.3547
2025-10-14 08:30:52,300 - 142, 0.00002042, 0.3597
2025-10-14 08:38:21,514 - 143, 0.00002009, 0.3537
2025-10-14 08:45:51,523 - 144, 0.00002043, 0.3627
2025-10-14 08:53:22,217 - 145, 0.00002043, 0.3587
2025-10-14 09:00:52,000 - 146, 0.00002025, 0.3503
2025-10-14 09:08:20,587 - 147, 0.00002021, 0.3532
2025-10-14 09:15:50,297 - 148, 0.00002009, 0.3563
2025-10-14 09:23:19,393 - 149, 0.00002025, 0.3523
2025-10-14 09:30:48,360 - 150, 0.00002011, 0.3541
2025-10-14 09:38:16,707 - 151, 0.00002031, 0.3518
2025-10-14 09:45:45,041 - 152, 0.00002002, 0.3485
2025-10-14 09:53:13,757 - 153, 0.00001979, 0.3509
2025-10-14 10:00:41,833 - 154, 0.00001980, 0.3540
2025-10-14 10:08:09,446 - 155, 0.00001984, 0.3497
2025-10-14 10:15:37,176 - 156, 0.00002007, 0.3497
2025-10-14 10:23:05,092 - 157, 0.00002014, 0.3458
2025-10-14 10:30:34,338 - 158, 0.00001996, 0.3484
2025-10-14 10:38:02,169 - 159, 0.00001981, 0.3515
2025-10-14 10:45:32,328 - 160, 0.00002013, 0.3529
2025-10-14 10:53:02,659 - 161, 0.00001998, 0.3522
2025-10-14 11:00:32,763 - 162, 0.00001971, 0.3490
2025-10-14 11:08:03,635 - 163, 0.00001975, 0.3479
2025-10-14 11:15:33,436 - 164, 0.00001970, 0.3468
2025-10-14 11:23:02,585 - 165, 0.00002005, 0.3457
2025-10-14 11:30:32,768 - 166, 0.00001982, 0.3499
2025-10-14 11:38:02,055 - 167, 0.00001980, 0.3467
2025-10-14 11:45:31,543 - 168, 0.00001963, 0.3522
2025-10-14 11:53:00,242 - 169, 0.00001957, 0.3451
2025-10-14 12:00:28,276 - 170, 0.00001971, 0.3451
2025-10-14 12:07:54,798 - 171, 0.00001976, 0.3446
2025-10-14 12:15:22,420 - 172, 0.00001966, 0.3456
2025-10-14 12:22:49,412 - 173, 0.00001936, 0.3453
2025-10-14 12:30:16,064 - 174, 0.00001946, 0.3477
2025-10-14 12:37:42,916 - 175, 0.00001951, 0.3472
2025-10-14 12:45:10,838 - 176, 0.00001928, 0.3553
2025-10-14 12:52:37,965 - 177, 0.00001942, 0.3504
2025-10-14 12:59:58,316 - 178, 0.00001950, 0.3457
2025-10-14 13:07:30,718 - 179, 0.00001960, 0.3462
2025-10-14 13:14:58,271 - 180, 0.00001944, 0.3424
2025-10-14 13:22:26,451 - 181, 0.00001915, 0.3470
2025-10-14 13:29:52,259 - 182, 0.00001967, 0.3423
2025-10-14 13:37:18,125 - 183, 0.00001894, 0.3420
2025-10-14 13:44:48,947 - 184, 0.00001913, 0.3419
2025-10-14 13:52:15,865 - 185, 0.00001958, 0.3417
2025-10-14 13:59:43,214 - 186, 0.00001925, 0.3417
2025-10-14 14:07:09,377 - 187, 0.00001944, 0.3411
2025-10-14 14:14:39,587 - 188, 0.00001936, 0.3458
2025-10-14 14:22:08,836 - 189, 0.00001937, 0.3400
2025-10-14 14:29:46,589 - 190, 0.00001861, 0.3420
2025-10-14 14:37:23,131 - 191, 0.00001936, 0.3420
2025-10-14 14:44:57,369 - 192, 0.00001923, 0.3412
2025-10-14 14:52:33,576 - 193, 0.00001905, 0.3391
2025-10-14 15:00:09,142 - 194, 0.00001906, 0.3387
2025-10-14 15:07:42,899 - 195, 0.00001897, 0.3411
2025-10-14 15:15:19,323 - 196, 0.00001922, 0.3427
2025-10-14 15:22:51,700 - 197, 0.00001900, 0.3406
2025-10-14 15:30:21,429 - 198, 0.00001902, 0.3398
2025-10-14 15:37:49,786 - 199, 0.00001925, 0.3390
2025-10-14 15:45:20,469 - 200, 0.00001911, 0.3427
2025-10-14 15:52:49,697 - 201, 0.00001893, 0.3377
2025-10-14 16:00:26,150 - 202, 0.00001899, 0.3421
2025-10-14 16:08:02,084 - 203, 0.00001910, 0.3389
2025-10-14 16:15:35,081 - 204, 0.00001907, 0.3379
2025-10-14 16:23:04,670 - 205, 0.00001894, 0.3376
2025-10-14 16:30:30,898 - 206, 0.00001918, 0.3358
2025-10-14 16:37:57,855 - 207, 0.00001903, 0.3384
2025-10-14 16:45:23,643 - 208, 0.00001902, 0.3375
2025-10-14 16:52:49,629 - 209, 0.00001880, 0.3357
2025-10-14 17:00:16,072 - 210, 0.00001873, 0.3370
2025-10-14 17:07:41,988 - 211, 0.00001901, 0.3371
2025-10-14 17:15:07,991 - 212, 0.00001863, 0.3357
2025-10-14 17:22:35,114 - 213, 0.00001868, 0.3372
2025-10-14 17:30:01,798 - 214, 0.00001861, 0.3379
2025-10-14 17:37:27,667 - 215, 0.00001875, 0.3385
2025-10-14 17:44:53,595 - 216, 0.00001876, 0.3360
2025-10-14 17:52:19,524 - 217, 0.00001884, 0.3342
2025-10-14 17:59:46,462 - 218, 0.00001867, 0.3351
2025-10-14 18:07:11,701 - 219, 0.00001855, 0.3348
2025-10-14 18:14:37,744 - 220, 0.00001842, 0.3362
2025-10-14 18:22:04,200 - 221, 0.00001846, 0.3353
2025-10-14 18:29:30,584 - 222, 0.00001904, 0.3337
2025-10-14 18:36:56,606 - 223, 0.00001867, 0.3357
2025-10-14 18:44:22,606 - 224, 0.00001847, 0.3336
2025-10-14 18:51:49,173 - 225, 0.00001865, 0.3343
2025-10-14 18:59:11,937 - 226, 0.00001858, 0.3351
2025-10-14 19:06:32,322 - 227, 0.00001867, 0.3366
2025-10-14 19:13:58,773 - 228, 0.00001863, 0.3352
2025-10-14 19:21:24,382 - 229, 0.00001867, 0.3357
2025-10-14 19:28:50,953 - 230, 0.00001845, 0.3352
2025-10-14 19:36:17,140 - 231, 0.00001861, 0.3346
2025-10-14 19:43:43,093 - 232, 0.00001811, 0.3356
2025-10-14 19:51:09,288 - 233, 0.00001852, 0.3353
2025-10-14 19:58:35,279 - 234, 0.00001815, 0.3348
2025-10-14 20:06:00,388 - 235, 0.00001891, 0.3339
2025-10-14 20:13:26,665 - 236, 0.00001862, 0.3343
2025-10-14 20:20:53,279 - 237, 0.00001854, 0.3326
2025-10-14 20:28:20,284 - 238, 0.00001870, 0.3345
2025-10-14 20:35:46,247 - 239, 0.00001834, 0.3339
2025-10-14 20:43:11,666 - 240, 0.00001861, 0.3335
2025-10-14 20:50:37,889 - 241, 0.00001869, 0.3353
2025-10-14 20:58:04,109 - 242, 0.00001817, 0.3348
2025-10-14 21:05:29,832 - 243, 0.00001849, 0.3339
2025-10-14 21:12:56,203 - 244, 0.00001829, 0.3334
2025-10-14 21:20:21,949 - 245, 0.00001854, 0.3339
2025-10-14 21:27:48,120 - 246, 0.00001848, 0.3335
2025-10-14 21:35:14,413 - 247, 0.00001829, 0.3351
2025-10-14 21:42:40,742 - 248, 0.00001825, 0.3339
2025-10-14 21:50:07,044 - 249, 0.00001814, 0.3332
2025-10-14 21:57:32,911 - 250, 0.00001813, 0.3337
2025-10-14 22:04:57,430 - 251, 0.00001834, 0.3322
2025-10-14 22:12:24,014 - 252, 0.00001839, 0.3338
2025-10-14 22:19:50,380 - 253, 0.00001830, 0.3333
2025-10-14 22:27:16,759 - 254, 0.00001826, 0.3331
2025-10-14 22:34:42,944 - 255, 0.00001843, 0.3324
2025-10-14 22:42:00,000 - 256, 0.00001822, 0.3339
2025-10-14 22:49:16,587 - 257, 0.00001847, 0.3329
2025-10-14 22:56:30,995 - 258, 0.00001819, 0.3329
2025-10-14 23:03:55,364 - 259, 0.00001845, 0.3323
2025-10-14 23:11:21,243 - 260, 0.00001846, 0.3329
2025-10-14 23:18:47,683 - 261, 0.00001811, 0.3326
2025-10-14 23:26:13,462 - 262, 0.00001836, 0.3321
2025-10-14 23:33:39,744 - 263, 0.00001825, 0.3328
2025-10-14 23:41:05,842 - 264, 0.00001835, 0.3324
2025-10-14 23:48:31,972 - 265, 0.00001821, 0.3328
2025-10-14 23:55:57,596 - 266, 0.00001817, 0.3328
2025-10-15 00:03:23,314 - 267, 0.00001856, 0.3334
2025-10-15 00:10:49,399 - 268, 0.00001806, 0.3331
2025-10-15 00:18:15,559 - 269, 0.00001834, 0.3331
2025-10-15 00:25:41,511 - 270, 0.00001806, 0.3324
2025-10-15 00:33:07,412 - 271, 0.00001839, 0.3321
2025-10-15 00:40:33,512 - 272, 0.00001832, 0.3319
2025-10-15 00:48:00,214 - 273, 0.00001819, 0.3327
2025-10-15 00:55:26,385 - 274, 0.00001800, 0.3324
2025-10-15 01:02:52,546 - 275, 0.00001827, 0.3327
2025-10-15 01:10:18,527 - 276, 0.00001831, 0.3324
2025-10-15 01:17:44,827 - 277, 0.00001809, 0.3327
2025-10-15 01:25:11,067 - 278, 0.00001780, 0.3326
2025-10-15 01:32:36,767 - 279, 0.00001799, 0.3321
2025-10-15 01:40:02,702 - 280, 0.00001813, 0.3324
2025-10-15 01:47:27,067 - 281, 0.00001830, 0.3321
2025-10-15 01:54:52,822 - 282, 0.00001824, 0.3328
2025-10-15 02:02:18,681 - 283, 0.00001840, 0.3322
2025-10-15 02:09:43,733 - 284, 0.00001807, 0.3323
2025-10-15 02:17:09,962 - 285, 0.00001793, 0.3325
2025-10-15 02:24:36,073 - 286, 0.00001815, 0.3326
2025-10-15 02:32:02,284 - 287, 0.00001807, 0.3324
2025-10-15 02:39:28,548 - 288, 0.00001820, 0.3325
2025-10-15 02:46:53,915 - 289, 0.00001771, 0.3324
2025-10-15 02:54:19,797 - 290, 0.00001825, 0.3323
2025-10-15 03:01:44,944 - 291, 0.00001802, 0.3323
2025-10-15 03:09:11,144 - 292, 0.00001816, 0.3326
2025-10-15 03:09:11,145 - Training finished with early stopping, best loss_val = 0.3319 K
