2025-10-15 03:10:42,495 - =====================Start Training=====================
2025-10-15 03:10:42,495 - config: resshift_10x_ch16
2025-10-15 03:10:42,495 - description: ch_base = 16
2025-10-15 03:10:42,495 - Epoch, Loss_train, Loss_val (K)
2025-10-15 03:13:52,282 - 1, 0.00063852, 2.8878
2025-10-15 03:16:26,841 - 2, 0.00013317, 2.0181
2025-10-15 03:19:01,642 - 3, 0.00010332, 1.7337
2025-10-15 03:21:36,458 - 4, 0.00008984, 1.6413
2025-10-15 03:24:11,067 - 5, 0.00008277, 1.4743
2025-10-15 03:26:45,812 - 6, 0.00007674, 1.5907
2025-10-15 03:29:19,488 - 7, 0.00007226, 1.3058
2025-10-15 03:31:53,736 - 8, 0.00007046, 1.2599
2025-10-15 03:34:29,049 - 9, 0.00006654, 1.2017
2025-10-15 03:37:04,034 - 10, 0.00006210, 1.1753
2025-10-15 03:39:38,588 - 11, 0.00006090, 1.1563
2025-10-15 03:42:12,972 - 12, 0.00005755, 1.3652
2025-10-15 03:44:47,403 - 13, 0.00005721, 1.0096
2025-10-15 03:47:22,167 - 14, 0.00005406, 0.9826
2025-10-15 03:49:57,426 - 15, 0.00005360, 1.0427
2025-10-15 03:52:31,655 - 16, 0.00005102, 1.0639
2025-10-15 03:55:06,208 - 17, 0.00004965, 0.9918
2025-10-15 03:57:40,601 - 18, 0.00004891, 0.9552
2025-10-15 04:00:15,211 - 19, 0.00005021, 0.9474
2025-10-15 04:02:50,511 - 20, 0.00004604, 0.8680
2025-10-15 04:05:24,962 - 21, 0.00004496, 0.8315
2025-10-15 04:08:00,093 - 22, 0.00004493, 0.8496
2025-10-15 04:10:34,008 - 23, 0.00004406, 0.9388
2025-10-15 04:13:08,710 - 24, 0.00004318, 0.7983
2025-10-15 04:15:43,173 - 25, 0.00004250, 0.7945
2025-10-15 04:18:18,147 - 26, 0.00004154, 0.7758
2025-10-15 04:20:51,955 - 27, 0.00004210, 0.7769
2025-10-15 04:23:26,753 - 28, 0.00004195, 0.7695
2025-10-15 04:26:00,929 - 29, 0.00004216, 0.7905
2025-10-15 04:28:36,100 - 30, 0.00004040, 0.8193
2025-10-15 04:31:10,411 - 31, 0.00003954, 0.7570
2025-10-15 04:33:45,240 - 32, 0.00003930, 0.7636
2025-10-15 04:36:19,910 - 33, 0.00003891, 0.7386
2025-10-15 04:38:54,539 - 34, 0.00003880, 0.7126
2025-10-15 04:41:29,451 - 35, 0.00003816, 0.7069
2025-10-15 04:44:04,006 - 36, 0.00003899, 0.7715
2025-10-15 04:46:38,615 - 37, 0.00003816, 0.7825
2025-10-15 04:49:13,209 - 38, 0.00003820, 0.7347
2025-10-15 04:51:47,330 - 39, 0.00003783, 0.6939
2025-10-15 04:54:22,291 - 40, 0.00003672, 0.6741
2025-10-15 04:56:57,022 - 41, 0.00003603, 0.6860
2025-10-15 04:59:31,974 - 42, 0.00003638, 0.7285
2025-10-15 05:02:06,278 - 43, 0.00003652, 0.6949
2025-10-15 05:04:41,135 - 44, 0.00003659, 0.6726
2025-10-15 05:07:15,060 - 45, 0.00003522, 0.6620
2025-10-15 05:09:50,389 - 46, 0.00003626, 0.6760
2025-10-15 05:12:24,872 - 47, 0.00003575, 0.6511
2025-10-15 05:14:59,540 - 48, 0.00003445, 0.7237
2025-10-15 05:17:34,413 - 49, 0.00003496, 0.6542
2025-10-15 05:20:08,821 - 50, 0.00003591, 0.6681
2025-10-15 05:22:43,703 - 51, 0.00003474, 0.6478
2025-10-15 05:25:18,321 - 52, 0.00003457, 0.6632
2025-10-15 05:27:53,151 - 53, 0.00003473, 0.6437
2025-10-15 05:30:28,119 - 54, 0.00003439, 0.6450
2025-10-15 05:33:03,325 - 55, 0.00003307, 0.6441
2025-10-15 05:35:37,386 - 56, 0.00003384, 0.6437
2025-10-15 05:38:12,771 - 57, 0.00003344, 0.6227
2025-10-15 05:40:47,242 - 58, 0.00003410, 0.6251
2025-10-15 05:43:21,256 - 59, 0.00003396, 0.6215
2025-10-15 05:45:55,842 - 60, 0.00003352, 0.6341
2025-10-15 05:48:30,644 - 61, 0.00003352, 0.6168
2025-10-15 05:51:04,651 - 62, 0.00003306, 0.6208
2025-10-15 05:53:39,168 - 63, 0.00003298, 0.6160
2025-10-15 05:56:14,032 - 64, 0.00003250, 0.6659
2025-10-15 05:58:48,910 - 65, 0.00003296, 0.6216
2025-10-15 06:01:23,261 - 66, 0.00003309, 0.6054
2025-10-15 06:03:57,734 - 67, 0.00003359, 0.6298
2025-10-15 06:06:28,639 - 68, 0.00003237, 0.6202
2025-10-15 06:09:03,193 - 69, 0.00003259, 0.6229
2025-10-15 06:11:37,739 - 70, 0.00003264, 0.5978
2025-10-15 06:14:12,163 - 71, 0.00003261, 0.5893
2025-10-15 06:16:46,671 - 72, 0.00003223, 0.6193
2025-10-15 06:19:22,008 - 73, 0.00003275, 0.6105
2025-10-15 06:21:56,550 - 74, 0.00003236, 0.5985
2025-10-15 06:24:31,349 - 75, 0.00003192, 0.5934
2025-10-15 06:27:06,222 - 76, 0.00003228, 0.6108
2025-10-15 06:29:41,008 - 77, 0.00003119, 0.5815
2025-10-15 06:32:16,040 - 78, 0.00003212, 0.6038
2025-10-15 06:34:50,635 - 79, 0.00003254, 0.5958
2025-10-15 06:37:25,456 - 80, 0.00003178, 0.6269
2025-10-15 06:39:59,606 - 81, 0.00003187, 0.5839
2025-10-15 06:42:34,233 - 82, 0.00003127, 0.5925
2025-10-15 06:45:08,079 - 83, 0.00003141, 0.5804
2025-10-15 06:47:42,430 - 84, 0.00003135, 0.5998
2025-10-15 06:50:16,942 - 85, 0.00003143, 0.5776
2025-10-15 06:52:51,700 - 86, 0.00003159, 0.5752
2025-10-15 06:55:26,432 - 87, 0.00003098, 0.5745
2025-10-15 06:58:01,394 - 88, 0.00003090, 0.5873
2025-10-15 07:00:36,051 - 89, 0.00003108, 0.5691
2025-10-15 07:03:11,283 - 90, 0.00003147, 0.6011
2025-10-15 07:05:46,160 - 91, 0.00003075, 0.6517
2025-10-15 07:08:20,294 - 92, 0.00003134, 0.5881
2025-10-15 07:10:54,983 - 93, 0.00003036, 0.5695
2025-10-15 07:13:29,314 - 94, 0.00003123, 0.5767
2025-10-15 07:16:03,848 - 95, 0.00003024, 0.5859
2025-10-15 07:18:38,049 - 96, 0.00003088, 0.5655
2025-10-15 07:21:12,809 - 97, 0.00003059, 0.5728
2025-10-15 07:23:47,629 - 98, 0.00003028, 0.5663
2025-10-15 07:26:22,109 - 99, 0.00003030, 0.5552
2025-10-15 07:28:57,404 - 100, 0.00003069, 0.5639
2025-10-15 07:31:31,495 - 101, 0.00002969, 0.5779
2025-10-15 07:34:04,156 - 102, 0.00003004, 0.5592
2025-10-15 07:36:39,005 - 103, 0.00003024, 0.5995
2025-10-15 07:39:13,740 - 104, 0.00003084, 0.5678
2025-10-15 07:41:47,975 - 105, 0.00002994, 0.5672
2025-10-15 07:44:22,380 - 106, 0.00002951, 0.5524
2025-10-15 07:46:57,350 - 107, 0.00003056, 0.5591
2025-10-15 07:49:32,054 - 108, 0.00003047, 0.5551
2025-10-15 07:52:06,827 - 109, 0.00003020, 0.5551
2025-10-15 07:54:40,810 - 110, 0.00003024, 0.5507
2025-10-15 07:57:15,960 - 111, 0.00003028, 0.5511
2025-10-15 07:59:50,710 - 112, 0.00002930, 0.5538
2025-10-15 08:02:25,421 - 113, 0.00002924, 0.5509
2025-10-15 08:05:00,420 - 114, 0.00002955, 0.5521
2025-10-15 08:07:35,246 - 115, 0.00002911, 0.5508
2025-10-15 08:10:10,053 - 116, 0.00002947, 0.5534
2025-10-15 08:12:44,776 - 117, 0.00002920, 0.5418
2025-10-15 08:15:20,198 - 118, 0.00002944, 0.5426
2025-10-15 08:17:54,612 - 119, 0.00002951, 0.5486
2025-10-15 08:20:29,199 - 120, 0.00002989, 0.5342
2025-10-15 08:23:04,151 - 121, 0.00002888, 0.5422
2025-10-15 08:25:38,931 - 122, 0.00002932, 0.5404
2025-10-15 08:28:12,671 - 123, 0.00002917, 0.5363
2025-10-15 08:30:47,443 - 124, 0.00002939, 0.5392
2025-10-15 08:33:22,068 - 125, 0.00002866, 0.5391
2025-10-15 08:35:56,430 - 126, 0.00002875, 0.5402
2025-10-15 08:38:31,779 - 127, 0.00002857, 0.5269
2025-10-15 08:41:06,175 - 128, 0.00002914, 0.5340
2025-10-15 08:43:40,169 - 129, 0.00002915, 0.5195
2025-10-15 08:46:14,517 - 130, 0.00002848, 0.5196
2025-10-15 08:48:49,157 - 131, 0.00002927, 0.5170
2025-10-15 08:51:23,475 - 132, 0.00002874, 0.5291
2025-10-15 08:53:58,316 - 133, 0.00002879, 0.5471
2025-10-15 08:56:32,527 - 134, 0.00002844, 0.5205
2025-10-15 08:59:07,426 - 135, 0.00002802, 0.5127
2025-10-15 09:01:41,974 - 136, 0.00002849, 0.5159
2025-10-15 09:04:16,822 - 137, 0.00002803, 0.5184
2025-10-15 09:06:51,709 - 138, 0.00002820, 0.5166
2025-10-15 09:09:26,380 - 139, 0.00002822, 0.5047
2025-10-15 09:12:01,314 - 140, 0.00002842, 0.5068
2025-10-15 09:14:36,181 - 141, 0.00002797, 0.5174
2025-10-15 09:17:11,092 - 142, 0.00002775, 0.5080
2025-10-15 09:19:45,277 - 143, 0.00002757, 0.5037
2025-10-15 09:22:19,684 - 144, 0.00002802, 0.4984
2025-10-15 09:24:53,223 - 145, 0.00002807, 0.5023
2025-10-15 09:27:27,787 - 146, 0.00002794, 0.5033
2025-10-15 09:30:02,780 - 147, 0.00002785, 0.4984
2025-10-15 09:32:37,435 - 148, 0.00002796, 0.4960
2025-10-15 09:35:12,201 - 149, 0.00002768, 0.5201
2025-10-15 09:37:47,066 - 150, 0.00002745, 0.4934
2025-10-15 09:40:21,312 - 151, 0.00002710, 0.4928
2025-10-15 09:42:55,716 - 152, 0.00002713, 0.4942
2025-10-15 09:45:26,892 - 153, 0.00002766, 0.4873
2025-10-15 09:48:02,036 - 154, 0.00002775, 0.4917
2025-10-15 09:50:36,683 - 155, 0.00002737, 0.4863
2025-10-15 09:53:11,791 - 156, 0.00002724, 0.4880
2025-10-15 09:55:46,484 - 157, 0.00002766, 0.4825
2025-10-15 09:58:21,909 - 158, 0.00002708, 0.4826
2025-10-15 10:00:56,592 - 159, 0.00002714, 0.4884
2025-10-15 10:03:31,693 - 160, 0.00002714, 0.4978
2025-10-15 10:06:06,035 - 161, 0.00002702, 0.4809
2025-10-15 10:08:35,962 - 162, 0.00002676, 0.4780
2025-10-15 10:11:10,734 - 163, 0.00002707, 0.4852
2025-10-15 10:13:46,551 - 164, 0.00002721, 0.4761
2025-10-15 10:16:26,264 - 165, 0.00002712, 0.4767
2025-10-15 10:19:05,911 - 166, 0.00002672, 0.4776
2025-10-15 10:21:46,000 - 167, 0.00002682, 0.4765
2025-10-15 10:24:23,006 - 168, 0.00002658, 0.4750
2025-10-15 10:27:03,178 - 169, 0.00002670, 0.4690
2025-10-15 10:29:43,649 - 170, 0.00002707, 0.4732
2025-10-15 10:32:24,365 - 171, 0.00002659, 0.4784
2025-10-15 10:35:03,418 - 172, 0.00002669, 0.4719
2025-10-15 10:37:46,209 - 173, 0.00002653, 0.4741
2025-10-15 10:40:28,172 - 174, 0.00002662, 0.4750
2025-10-15 10:43:09,491 - 175, 0.00002601, 0.4747
2025-10-15 10:45:48,745 - 176, 0.00002629, 0.4734
2025-10-15 10:48:28,686 - 177, 0.00002641, 0.4722
2025-10-15 10:51:05,814 - 178, 0.00002629, 0.4678
2025-10-15 10:53:44,937 - 179, 0.00002630, 0.4706
2025-10-15 10:56:24,199 - 180, 0.00002612, 0.4692
2025-10-15 10:59:02,766 - 181, 0.00002629, 0.4639
2025-10-15 11:01:39,776 - 182, 0.00002673, 0.4702
2025-10-15 11:04:19,155 - 183, 0.00002656, 0.4659
2025-10-15 11:06:56,554 - 184, 0.00002613, 0.4669
2025-10-15 11:09:34,382 - 185, 0.00002610, 0.4762
2025-10-15 11:12:11,951 - 186, 0.00002600, 0.4694
2025-10-15 11:14:52,319 - 187, 0.00002641, 0.4658
2025-10-15 11:17:34,314 - 188, 0.00002576, 0.4795
2025-10-15 11:20:14,723 - 189, 0.00002613, 0.4649
2025-10-15 11:22:54,022 - 190, 0.00002587, 0.4620
2025-10-15 11:25:32,774 - 191, 0.00002650, 0.4607
2025-10-15 11:28:11,718 - 192, 0.00002623, 0.4657
2025-10-15 11:30:50,786 - 193, 0.00002602, 0.4594
2025-10-15 11:33:29,882 - 194, 0.00002590, 0.4595
2025-10-15 11:36:08,989 - 195, 0.00002601, 0.4647
2025-10-15 11:38:47,820 - 196, 0.00002621, 0.4575
2025-10-15 11:41:27,095 - 197, 0.00002559, 0.4607
2025-10-15 11:44:03,213 - 198, 0.00002541, 0.4600
2025-10-15 11:46:40,529 - 199, 0.00002602, 0.4605
2025-10-15 11:49:17,176 - 200, 0.00002583, 0.4593
2025-10-15 11:51:55,093 - 201, 0.00002605, 0.4539
2025-10-15 11:54:34,525 - 202, 0.00002624, 0.4588
2025-10-15 11:57:21,069 - 203, 0.00002522, 0.4553
2025-10-15 12:00:02,507 - 204, 0.00002546, 0.4559
2025-10-15 12:02:40,559 - 205, 0.00002639, 0.4611
2025-10-15 12:05:15,088 - 206, 0.00002583, 0.4568
2025-10-15 12:07:48,254 - 207, 0.00002562, 0.4528
2025-10-15 12:10:24,045 - 208, 0.00002561, 0.4573
2025-10-15 12:12:57,378 - 209, 0.00002579, 0.4543
2025-10-15 12:15:31,868 - 210, 0.00002575, 0.4540
2025-10-15 12:18:07,180 - 211, 0.00002534, 0.4544
2025-10-15 12:20:42,494 - 212, 0.00002582, 0.4550
2025-10-15 12:23:16,702 - 213, 0.00002588, 0.4552
2025-10-15 12:25:48,303 - 214, 0.00002570, 0.4543
2025-10-15 12:28:21,168 - 215, 0.00002541, 0.4572
2025-10-15 12:30:55,593 - 216, 0.00002579, 0.4565
2025-10-15 12:33:29,513 - 217, 0.00002547, 0.4537
2025-10-15 12:36:03,547 - 218, 0.00002553, 0.4542
2025-10-15 12:38:38,303 - 219, 0.00002557, 0.4523
2025-10-15 12:41:12,320 - 220, 0.00002586, 0.4521
2025-10-15 12:43:46,408 - 221, 0.00002566, 0.4494
2025-10-15 12:46:21,055 - 222, 0.00002543, 0.4530
2025-10-15 12:48:55,124 - 223, 0.00002581, 0.4506
2025-10-15 12:51:29,818 - 224, 0.00002585, 0.4482
2025-10-15 12:54:03,732 - 225, 0.00002566, 0.4485
2025-10-15 12:56:39,039 - 226, 0.00002576, 0.4488
2025-10-15 12:59:12,947 - 227, 0.00002520, 0.4479
2025-10-15 13:01:47,733 - 228, 0.00002526, 0.4499
2025-10-15 13:04:20,786 - 229, 0.00002511, 0.4497
2025-10-15 13:06:46,677 - 230, 0.00002571, 0.4501
2025-10-15 13:09:16,885 - 231, 0.00002553, 0.4455
2025-10-15 13:11:50,761 - 232, 0.00002518, 0.4503
2025-10-15 13:14:26,205 - 233, 0.00002527, 0.4478
2025-10-15 13:17:01,098 - 234, 0.00002556, 0.4496
2025-10-15 13:19:36,224 - 235, 0.00002551, 0.4452
2025-10-15 13:22:10,118 - 236, 0.00002549, 0.4479
2025-10-15 13:24:36,918 - 237, 0.00002555, 0.4471
2025-10-15 13:27:08,757 - 238, 0.00002534, 0.4465
2025-10-15 13:29:43,430 - 239, 0.00002495, 0.4466
2025-10-15 13:32:18,694 - 240, 0.00002547, 0.4448
2025-10-15 13:34:53,201 - 241, 0.00002568, 0.4454
2025-10-15 13:37:29,220 - 242, 0.00002520, 0.4477
2025-10-15 13:40:04,356 - 243, 0.00002536, 0.4465
2025-10-15 13:42:31,200 - 244, 0.00002507, 0.4449
2025-10-15 13:45:02,065 - 245, 0.00002574, 0.4463
2025-10-15 13:47:37,002 - 246, 0.00002507, 0.4452
2025-10-15 13:50:11,934 - 247, 0.00002565, 0.4430
2025-10-15 13:52:46,557 - 248, 0.00002529, 0.4433
2025-10-15 13:55:19,537 - 249, 0.00002529, 0.4436
2025-10-15 13:57:55,943 - 250, 0.00002524, 0.4430
2025-10-15 14:00:35,216 - 251, 0.00002525, 0.4440
2025-10-15 14:03:13,175 - 252, 0.00002542, 0.4451
2025-10-15 14:05:51,206 - 253, 0.00002485, 0.4440
2025-10-15 14:08:30,043 - 254, 0.00002542, 0.4428
2025-10-15 14:11:06,356 - 255, 0.00002521, 0.4434
2025-10-15 14:13:45,960 - 256, 0.00002531, 0.4435
2025-10-15 14:16:16,546 - 257, 0.00002499, 0.4436
2025-10-15 14:18:47,276 - 258, 0.00002549, 0.4434
2025-10-15 14:21:22,444 - 259, 0.00002563, 0.4437
2025-10-15 14:23:57,004 - 260, 0.00002501, 0.4433
2025-10-15 14:26:34,805 - 261, 0.00002501, 0.4425
2025-10-15 14:29:09,284 - 262, 0.00002535, 0.4440
2025-10-15 14:31:45,077 - 263, 0.00002501, 0.4422
2025-10-15 14:34:21,947 - 264, 0.00002551, 0.4425
2025-10-15 14:36:57,128 - 265, 0.00002541, 0.4414
2025-10-15 14:39:32,676 - 266, 0.00002508, 0.4438
2025-10-15 14:42:10,648 - 267, 0.00002510, 0.4427
2025-10-15 14:44:48,983 - 268, 0.00002492, 0.4431
2025-10-15 14:47:27,885 - 269, 0.00002533, 0.4416
2025-10-15 14:50:07,627 - 270, 0.00002515, 0.4424
2025-10-15 14:52:47,602 - 271, 0.00002486, 0.4416
2025-10-15 14:55:25,080 - 272, 0.00002548, 0.4420
2025-10-15 14:58:04,353 - 273, 0.00002524, 0.4425
2025-10-15 15:00:43,598 - 274, 0.00002505, 0.4422
2025-10-15 15:03:22,771 - 275, 0.00002498, 0.4409
2025-10-15 15:05:59,592 - 276, 0.00002505, 0.4418
2025-10-15 15:08:36,468 - 277, 0.00002479, 0.4425
2025-10-15 15:11:13,694 - 278, 0.00002501, 0.4405
2025-10-15 15:13:51,593 - 279, 0.00002529, 0.4418
2025-10-15 15:16:29,087 - 280, 0.00002495, 0.4420
2025-10-15 15:19:06,312 - 281, 0.00002493, 0.4411
2025-10-15 15:21:44,423 - 282, 0.00002528, 0.4415
2025-10-15 15:24:22,437 - 283, 0.00002508, 0.4414
2025-10-15 15:27:01,216 - 284, 0.00002498, 0.4424
2025-10-15 15:29:38,575 - 285, 0.00002502, 0.4406
2025-10-15 15:32:15,466 - 286, 0.00002573, 0.4411
2025-10-15 15:34:52,364 - 287, 0.00002490, 0.4419
2025-10-15 15:37:28,734 - 288, 0.00002506, 0.4417
2025-10-15 15:40:04,955 - 289, 0.00002516, 0.4406
2025-10-15 15:42:42,490 - 290, 0.00002497, 0.4414
2025-10-15 15:45:19,940 - 291, 0.00002483, 0.4410
2025-10-15 15:47:58,868 - 292, 0.00002503, 0.4413
2025-10-15 15:50:37,942 - 293, 0.00002522, 0.4410
2025-10-15 15:53:14,763 - 294, 0.00002515, 0.4412
2025-10-15 15:55:52,439 - 295, 0.00002489, 0.4410
2025-10-15 15:58:31,116 - 296, 0.00002507, 0.4407
2025-10-15 16:01:09,058 - 297, 0.00002502, 0.4406
2025-10-15 16:03:43,992 - 298, 0.00002509, 0.4411
2025-10-15 16:03:43,992 - Training finished with early stopping, best loss_val = 0.4405 K
