2025-12-22 10:40:15,046 - =====================Start Training=====================
2025-12-22 10:40:15,046 - config: resshift_v1_10x_hyper1
2025-12-22 10:40:15,047 - description: t=3, sqrt_etas=[0.05, 0.6, 0.99], kappa=0.05
2025-12-22 10:40:15,047 - Epoch, Loss_train, Loss_val (K)
2025-12-22 10:44:35,160 - 1, 0.00043598, 1.9444
2025-12-22 10:48:18,977 - 2, 0.00013077, 1.5532
2025-12-22 10:52:04,032 - 3, 0.00010913, 1.4005
2025-12-22 10:55:40,557 - 4, 0.00009775, 1.4977
2025-12-22 10:59:20,000 - 5, 0.00008870, 1.3189
2025-12-22 11:03:01,120 - 6, 0.00008101, 1.2536
2025-12-22 11:06:42,071 - 7, 0.00007965, 1.2097
2025-12-22 11:10:17,742 - 8, 0.00007498, 1.1225
2025-12-22 11:13:55,456 - 9, 0.00007139, 1.2083
2025-12-22 11:17:36,692 - 10, 0.00006933, 1.0817
2025-12-22 11:21:21,029 - 11, 0.00006681, 1.0091
2025-12-22 11:25:03,039 - 12, 0.00006265, 0.9300
2025-12-22 11:28:44,433 - 13, 0.00006024, 0.9379
2025-12-22 11:32:34,244 - 14, 0.00005900, 0.9501
2025-12-22 11:36:20,206 - 15, 0.00005468, 0.9080
2025-12-22 11:40:04,812 - 16, 0.00005593, 0.9216
2025-12-22 11:43:50,442 - 17, 0.00005295, 0.8383
2025-12-22 11:47:36,076 - 18, 0.00005189, 0.7950
2025-12-22 11:51:20,833 - 19, 0.00005073, 0.8396
2025-12-22 11:55:05,308 - 20, 0.00004985, 0.8450
2025-12-22 11:58:45,459 - 21, 0.00004918, 0.7884
2025-12-22 12:02:24,190 - 22, 0.00004772, 0.7950
2025-12-22 12:06:06,897 - 23, 0.00004636, 0.7655
2025-12-22 12:09:52,120 - 24, 0.00004693, 0.7079
2025-12-22 12:13:36,146 - 25, 0.00004549, 0.7050
2025-12-22 12:17:20,518 - 26, 0.00004562, 0.6660
2025-12-22 12:21:04,307 - 27, 0.00004389, 0.6581
2025-12-22 12:24:47,754 - 28, 0.00004352, 0.6779
2025-12-22 12:28:32,148 - 29, 0.00004296, 0.6665
2025-12-22 12:32:15,662 - 30, 0.00004293, 0.6536
2025-12-22 12:36:00,771 - 31, 0.00004155, 0.6636
2025-12-22 12:39:43,786 - 32, 0.00004169, 0.6523
2025-12-22 12:43:28,498 - 33, 0.00004150, 0.7127
2025-12-22 12:47:11,925 - 34, 0.00004129, 0.6224
2025-12-22 12:50:54,886 - 35, 0.00004020, 0.6195
2025-12-22 12:54:40,855 - 36, 0.00003963, 0.6223
2025-12-22 12:58:23,876 - 37, 0.00004007, 0.6172
2025-12-22 13:02:08,993 - 38, 0.00003969, 0.6062
2025-12-22 13:05:54,687 - 39, 0.00003936, 0.6088
2025-12-22 13:09:33,290 - 40, 0.00003852, 0.6152
2025-12-22 13:13:15,689 - 41, 0.00003825, 0.5999
2025-12-22 13:16:58,961 - 42, 0.00003838, 0.5739
2025-12-22 13:20:44,150 - 43, 0.00003799, 0.5852
2025-12-22 13:24:27,558 - 44, 0.00003828, 0.6027
2025-12-22 13:28:12,003 - 45, 0.00003799, 0.5901
2025-12-22 13:31:55,266 - 46, 0.00003736, 0.5757
2025-12-22 13:35:38,085 - 47, 0.00003717, 0.5634
2025-12-22 13:39:21,812 - 48, 0.00003679, 0.5692
2025-12-22 13:43:05,504 - 49, 0.00003656, 0.5663
2025-12-22 13:46:50,326 - 50, 0.00003699, 0.6121
2025-12-22 13:50:32,945 - 51, 0.00003658, 0.5585
2025-12-22 13:54:18,013 - 52, 0.00003608, 0.5727
2025-12-22 13:58:01,192 - 53, 0.00003607, 0.5547
2025-12-22 14:01:45,118 - 54, 0.00003627, 0.5403
2025-12-22 14:05:30,292 - 55, 0.00003580, 0.5816
2025-12-22 14:09:14,494 - 56, 0.00003548, 0.6215
2025-12-22 14:12:57,684 - 57, 0.00003517, 0.5274
2025-12-22 14:16:41,345 - 58, 0.00003517, 0.5471
2025-12-22 14:20:25,332 - 59, 0.00003473, 0.5511
2025-12-22 14:24:09,016 - 60, 0.00003522, 0.5208
2025-12-22 14:27:52,536 - 61, 0.00003451, 0.5094
2025-12-22 14:31:37,993 - 62, 0.00003471, 0.5363
2025-12-22 14:35:20,779 - 63, 0.00003362, 0.5537
2025-12-22 14:39:05,251 - 64, 0.00003416, 0.5149
2025-12-22 14:42:48,923 - 65, 0.00003343, 0.4931
2025-12-22 14:46:32,589 - 66, 0.00003322, 0.5435
2025-12-22 14:50:12,437 - 67, 0.00003347, 0.4842
2025-12-22 14:53:51,060 - 68, 0.00003280, 0.5318
2025-12-22 14:57:29,692 - 69, 0.00003299, 0.5212
2025-12-22 15:01:13,181 - 70, 0.00003244, 0.4818
2025-12-22 15:04:50,772 - 71, 0.00003185, 0.4803
2025-12-22 15:08:26,346 - 72, 0.00003204, 0.5049
2025-12-22 15:12:03,248 - 73, 0.00003197, 0.4671
2025-12-22 15:15:43,869 - 74, 0.00003172, 0.4607
2025-12-22 15:19:28,621 - 75, 0.00003160, 0.4634
2025-12-22 15:23:11,537 - 76, 0.00003096, 0.4574
2025-12-22 15:26:56,902 - 77, 0.00003144, 0.4719
2025-12-22 15:30:40,264 - 78, 0.00003097, 0.4651
2025-12-22 15:34:23,462 - 79, 0.00003122, 0.4586
2025-12-22 15:38:07,248 - 80, 0.00003105, 0.4646
2025-12-22 15:41:50,595 - 81, 0.00003102, 0.4593
2025-12-22 15:45:35,977 - 82, 0.00003051, 0.4561
2025-12-22 15:49:20,082 - 83, 0.00003054, 0.4479
2025-12-22 15:53:04,803 - 84, 0.00003067, 0.4417
2025-12-22 15:56:48,646 - 85, 0.00003005, 0.4361
2025-12-22 16:00:32,251 - 86, 0.00003025, 0.4491
2025-12-22 16:04:16,427 - 87, 0.00003045, 0.4384
2025-12-22 16:07:59,980 - 88, 0.00003016, 0.4380
2025-12-22 16:11:44,912 - 89, 0.00003002, 0.4399
2025-12-22 16:15:28,018 - 90, 0.00002993, 0.4430
2025-12-22 16:19:12,697 - 91, 0.00003018, 0.4292
2025-12-22 16:22:56,127 - 92, 0.00002983, 0.4408
2025-12-22 16:26:39,472 - 93, 0.00003023, 0.4264
2025-12-22 16:30:25,164 - 94, 0.00002942, 0.4327
2025-12-22 16:34:08,166 - 95, 0.00002981, 0.4323
2025-12-22 16:37:53,071 - 96, 0.00003005, 0.4328
2025-12-22 16:41:36,370 - 97, 0.00002943, 0.4277
2025-12-22 16:45:19,235 - 98, 0.00002925, 0.4554
2025-12-22 16:49:02,941 - 99, 0.00002935, 0.4296
2025-12-22 16:52:46,182 - 100, 0.00002901, 0.4350
2025-12-22 16:56:31,255 - 101, 0.00002915, 0.4351
2025-12-22 17:00:14,445 - 102, 0.00002895, 0.4336
2025-12-22 17:03:59,707 - 103, 0.00002905, 0.4429
2025-12-22 17:07:43,147 - 104, 0.00002909, 0.4194
2025-12-22 17:11:26,460 - 105, 0.00002941, 0.4292
2025-12-22 17:15:11,529 - 106, 0.00002916, 0.4287
2025-12-22 17:18:55,021 - 107, 0.00002880, 0.4381
2025-12-22 17:22:40,040 - 108, 0.00002901, 0.4125
2025-12-22 17:26:23,342 - 109, 0.00002893, 0.4220
2025-12-22 17:30:07,365 - 110, 0.00002864, 0.4269
2025-12-22 17:33:50,943 - 111, 0.00002877, 0.4239
2025-12-22 17:37:33,989 - 112, 0.00002862, 0.4071
2025-12-22 17:41:19,335 - 113, 0.00002835, 0.4156
2025-12-22 17:45:01,920 - 114, 0.00002882, 0.4155
2025-12-22 17:48:47,156 - 115, 0.00002877, 0.4226
2025-12-22 17:52:30,119 - 116, 0.00002826, 0.4058
2025-12-22 17:56:13,414 - 117, 0.00002858, 0.4112
2025-12-22 17:59:57,408 - 118, 0.00002839, 0.4105
2025-12-22 18:03:40,138 - 119, 0.00002830, 0.4154
2025-12-22 18:07:25,389 - 120, 0.00002831, 0.4197
2025-12-22 18:11:08,706 - 121, 0.00002835, 0.4163
2025-12-22 18:14:54,204 - 122, 0.00002834, 0.4164
2025-12-22 18:18:38,209 - 123, 0.00002854, 0.4078
2025-12-22 18:22:21,672 - 124, 0.00002806, 0.4126
2025-12-22 18:26:06,615 - 125, 0.00002805, 0.4048
2025-12-22 18:29:50,236 - 126, 0.00002807, 0.4076
2025-12-22 18:33:35,375 - 127, 0.00002811, 0.4074
2025-12-22 18:37:18,793 - 128, 0.00002821, 0.4045
2025-12-22 18:41:02,630 - 129, 0.00002800, 0.4050
2025-12-22 18:44:46,037 - 130, 0.00002753, 0.4112
2025-12-22 18:48:29,066 - 131, 0.00002779, 0.4046
2025-12-22 18:52:15,383 - 132, 0.00002788, 0.4028
2025-12-22 18:55:58,094 - 133, 0.00002760, 0.4011
2025-12-22 18:59:42,697 - 134, 0.00002775, 0.4042
2025-12-22 19:03:26,094 - 135, 0.00002782, 0.4067
2025-12-22 19:07:09,376 - 136, 0.00002762, 0.4010
2025-12-22 19:10:54,530 - 137, 0.00002770, 0.4052
2025-12-22 19:14:37,920 - 138, 0.00002778, 0.4023
2025-12-22 19:18:23,574 - 139, 0.00002778, 0.4073
2025-12-22 19:22:08,036 - 140, 0.00002739, 0.4037
2025-12-22 19:25:50,984 - 141, 0.00002746, 0.3961
2025-12-22 19:29:34,388 - 142, 0.00002785, 0.4008
2025-12-22 19:33:17,649 - 143, 0.00002751, 0.4002
2025-12-22 19:37:03,213 - 144, 0.00002754, 0.3958
2025-12-22 19:40:46,899 - 145, 0.00002703, 0.4026
2025-12-22 19:44:31,872 - 146, 0.00002742, 0.4036
2025-12-22 19:48:15,023 - 147, 0.00002739, 0.3928
2025-12-22 19:51:58,512 - 148, 0.00002722, 0.4054
2025-12-22 19:55:43,043 - 149, 0.00002689, 0.3948
2025-12-22 19:59:25,969 - 150, 0.00002749, 0.4006
2025-12-22 20:03:11,380 - 151, 0.00002719, 0.3921
2025-12-22 20:06:54,539 - 152, 0.00002748, 0.3915
2025-12-22 20:10:39,673 - 153, 0.00002704, 0.3921
2025-12-22 20:14:22,876 - 154, 0.00002731, 0.3974
2025-12-22 20:18:05,972 - 155, 0.00002723, 0.3958
2025-12-22 20:21:51,181 - 156, 0.00002714, 0.3899
2025-12-22 20:25:34,609 - 157, 0.00002705, 0.3914
2025-12-22 20:29:19,796 - 158, 0.00002710, 0.3889
2025-12-22 20:33:03,719 - 159, 0.00002708, 0.3946
2025-12-22 20:36:47,191 - 160, 0.00002681, 0.4000
2025-12-22 20:40:30,809 - 161, 0.00002724, 0.3931
2025-12-22 20:44:14,212 - 162, 0.00002724, 0.3961
2025-12-22 20:47:59,467 - 163, 0.00002712, 0.3898
2025-12-22 20:51:42,920 - 164, 0.00002695, 0.3892
2025-12-22 20:55:27,097 - 165, 0.00002702, 0.3905
2025-12-22 20:59:10,325 - 166, 0.00002668, 0.3933
2025-12-22 21:02:53,658 - 167, 0.00002667, 0.3883
2025-12-22 21:06:39,647 - 168, 0.00002693, 0.3888
2025-12-22 21:10:22,868 - 169, 0.00002682, 0.3868
2025-12-22 21:14:08,470 - 170, 0.00002683, 0.3870
2025-12-22 21:17:50,940 - 171, 0.00002696, 0.3875
2025-12-22 21:21:34,015 - 172, 0.00002693, 0.3879
2025-12-22 21:25:17,621 - 173, 0.00002660, 0.3843
2025-12-22 21:29:01,081 - 174, 0.00002666, 0.3877
2025-12-22 21:32:46,208 - 175, 0.00002696, 0.3823
2025-12-22 21:36:29,578 - 176, 0.00002670, 0.3862
2025-12-22 21:40:14,678 - 177, 0.00002674, 0.3859
2025-12-22 21:43:58,346 - 178, 0.00002619, 0.3886
2025-12-22 21:47:41,559 - 179, 0.00002667, 0.3891
2025-12-22 21:51:26,159 - 180, 0.00002603, 0.3898
2025-12-22 21:55:09,412 - 181, 0.00002650, 0.3855
2025-12-22 21:58:54,200 - 182, 0.00002636, 0.3856
2025-12-22 22:02:37,287 - 183, 0.00002658, 0.3827
2025-12-22 22:06:21,844 - 184, 0.00002657, 0.3829
2025-12-22 22:10:05,352 - 185, 0.00002673, 0.3864
2025-12-22 22:13:48,595 - 186, 0.00002656, 0.3820
2025-12-22 22:17:33,969 - 187, 0.00002666, 0.3834
2025-12-22 22:21:16,979 - 188, 0.00002626, 0.3863
2025-12-22 22:25:02,424 - 189, 0.00002634, 0.3796
2025-12-22 22:28:45,455 - 190, 0.00002620, 0.3858
2025-12-22 22:32:28,341 - 191, 0.00002653, 0.3853
2025-12-22 22:36:11,922 - 192, 0.00002632, 0.3837
2025-12-22 22:39:55,263 - 193, 0.00002636, 0.3802
2025-12-22 22:43:39,847 - 194, 0.00002617, 0.3812
2025-12-22 22:47:23,724 - 195, 0.00002578, 0.3900
2025-12-22 22:51:07,459 - 196, 0.00002611, 0.3818
2025-12-22 22:54:51,040 - 197, 0.00002616, 0.3824
2025-12-22 22:58:34,477 - 198, 0.00002605, 0.3815
2025-12-22 23:02:18,250 - 199, 0.00002611, 0.3788
2025-12-22 23:06:02,532 - 200, 0.00002597, 0.3833
2025-12-22 23:09:47,753 - 201, 0.00002640, 0.3820
2025-12-22 23:13:30,418 - 202, 0.00002639, 0.3799
2025-12-22 23:17:15,076 - 203, 0.00002640, 0.3789
2025-12-22 23:20:57,997 - 204, 0.00002622, 0.3809
2025-12-22 23:24:41,398 - 205, 0.00002630, 0.3790
2025-12-22 23:28:26,390 - 206, 0.00002612, 0.3778
2025-12-22 23:32:09,665 - 207, 0.00002605, 0.3810
2025-12-22 23:35:54,793 - 208, 0.00002589, 0.3795
2025-12-22 23:39:37,978 - 209, 0.00002603, 0.3794
2025-12-22 23:43:21,602 - 210, 0.00002584, 0.3789
2025-12-22 23:47:05,334 - 211, 0.00002590, 0.3798
2025-12-22 23:50:48,501 - 212, 0.00002603, 0.3783
2025-12-22 23:54:33,266 - 213, 0.00002590, 0.3798
2025-12-22 23:58:16,640 - 214, 0.00002627, 0.3768
2025-12-23 00:02:01,709 - 215, 0.00002627, 0.3796
2025-12-23 00:05:44,838 - 216, 0.00002604, 0.3809
2025-12-23 00:09:28,111 - 217, 0.00002565, 0.3770
2025-12-23 00:13:13,658 - 218, 0.00002586, 0.3774
2025-12-23 00:16:56,915 - 219, 0.00002610, 0.3794
2025-12-23 00:20:42,368 - 220, 0.00002603, 0.3773
2025-12-23 00:24:25,625 - 221, 0.00002594, 0.3737
2025-12-23 00:28:09,324 - 222, 0.00002616, 0.3777
2025-12-23 00:31:52,632 - 223, 0.00002599, 0.3803
2025-12-23 00:35:35,810 - 224, 0.00002568, 0.3762
2025-12-23 00:39:20,261 - 225, 0.00002604, 0.3773
2025-12-23 00:43:03,676 - 226, 0.00002608, 0.3791
2025-12-23 00:46:48,565 - 227, 0.00002606, 0.3749
2025-12-23 00:50:31,047 - 228, 0.00002580, 0.3779
2025-12-23 00:54:13,754 - 229, 0.00002591, 0.3769
2025-12-23 00:57:57,635 - 230, 0.00002593, 0.3758
2025-12-23 01:01:41,203 - 231, 0.00002595, 0.3748
2025-12-23 01:05:26,808 - 232, 0.00002572, 0.3747
2025-12-23 01:09:09,785 - 233, 0.00002548, 0.3743
2025-12-23 01:12:54,667 - 234, 0.00002606, 0.3780
2025-12-23 01:16:38,279 - 235, 0.00002611, 0.3729
2025-12-23 01:20:21,730 - 236, 0.00002540, 0.3731
2025-12-23 01:24:06,485 - 237, 0.00002590, 0.3738
2025-12-23 01:27:50,194 - 238, 0.00002586, 0.3746
2025-12-23 01:31:35,675 - 239, 0.00002551, 0.3761
2025-12-23 01:35:19,001 - 240, 0.00002545, 0.3754
2025-12-23 01:39:02,327 - 241, 0.00002597, 0.3746
2025-12-23 01:42:45,400 - 242, 0.00002572, 0.3738
2025-12-23 01:46:28,851 - 243, 0.00002552, 0.3729
2025-12-23 01:50:14,246 - 244, 0.00002551, 0.3762
2025-12-23 01:53:57,308 - 245, 0.00002569, 0.3731
2025-12-23 01:57:42,361 - 246, 0.00002578, 0.3745
2025-12-23 02:01:25,343 - 247, 0.00002588, 0.3739
2025-12-23 02:05:08,336 - 248, 0.00002539, 0.3741
2025-12-23 02:08:51,767 - 249, 0.00002569, 0.3724
2025-12-23 02:12:35,219 - 250, 0.00002558, 0.3764
2025-12-23 02:16:20,904 - 251, 0.00002562, 0.3723
2025-12-23 02:20:04,507 - 252, 0.00002568, 0.3735
2025-12-23 02:23:49,228 - 253, 0.00002598, 0.3738
2025-12-23 02:27:32,531 - 254, 0.00002568, 0.3737
2025-12-23 02:31:15,774 - 255, 0.00002502, 0.3730
2025-12-23 02:35:00,847 - 256, 0.00002572, 0.3745
2025-12-23 02:38:44,089 - 257, 0.00002554, 0.3727
2025-12-23 02:42:29,028 - 258, 0.00002590, 0.3742
2025-12-23 02:46:12,181 - 259, 0.00002542, 0.3721
2025-12-23 02:49:55,474 - 260, 0.00002560, 0.3724
2025-12-23 02:53:39,156 - 261, 0.00002578, 0.3727
2025-12-23 02:57:22,085 - 262, 0.00002544, 0.3731
2025-12-23 03:01:07,821 - 263, 0.00002541, 0.3726
2025-12-23 03:04:50,940 - 264, 0.00002541, 0.3726
2025-12-23 03:08:35,749 - 265, 0.00002552, 0.3723
2025-12-23 03:12:18,674 - 266, 0.00002530, 0.3722
2025-12-23 03:16:01,631 - 267, 0.00002562, 0.3718
2025-12-23 03:19:45,896 - 268, 0.00002542, 0.3726
2025-12-23 03:23:28,915 - 269, 0.00002563, 0.3721
2025-12-23 03:27:14,325 - 270, 0.00002560, 0.3726
2025-12-23 03:30:57,943 - 271, 0.00002586, 0.3724
2025-12-23 03:34:43,024 - 272, 0.00002518, 0.3719
2025-12-23 03:38:26,874 - 273, 0.00002534, 0.3726
2025-12-23 03:42:10,063 - 274, 0.00002583, 0.3717
2025-12-23 03:45:55,174 - 275, 0.00002548, 0.3713
2025-12-23 03:49:38,980 - 276, 0.00002517, 0.3717
2025-12-23 03:53:24,431 - 277, 0.00002525, 0.3724
2025-12-23 03:57:07,860 - 278, 0.00002559, 0.3718
2025-12-23 04:00:51,565 - 279, 0.00002572, 0.3723
2025-12-23 04:04:36,160 - 280, 0.00002568, 0.3720
2025-12-23 04:08:19,882 - 281, 0.00002546, 0.3720
2025-12-23 04:12:05,056 - 282, 0.00002541, 0.3717
2025-12-23 04:15:48,071 - 283, 0.00002534, 0.3714
2025-12-23 04:19:32,011 - 284, 0.00002573, 0.3721
2025-12-23 04:23:14,818 - 285, 0.00002519, 0.3719
2025-12-23 04:26:57,794 - 286, 0.00002550, 0.3717
2025-12-23 04:30:42,928 - 287, 0.00002561, 0.3724
2025-12-23 04:34:26,652 - 288, 0.00002550, 0.3719
2025-12-23 04:38:11,945 - 289, 0.00002526, 0.3719
2025-12-23 04:41:56,174 - 290, 0.00002553, 0.3723
2025-12-23 04:45:39,120 - 291, 0.00002547, 0.3726
2025-12-23 04:49:22,465 - 292, 0.00002556, 0.3720
2025-12-23 04:53:05,731 - 293, 0.00002541, 0.3716
2025-12-23 04:56:51,198 - 294, 0.00002551, 0.3719
2025-12-23 05:00:34,488 - 295, 0.00002544, 0.3726
2025-12-23 05:00:34,488 - Training finished with early stopping, best loss_val = 0.3713 K
